{"/home/travis/build/npmtest/node-npmtest-q/test.js":{"path":"/home/travis/build/npmtest/node-npmtest-q/test.js","s":{"1":2,"2":2,"3":2,"4":2,"5":2,"6":2,"7":2,"8":1,"9":2,"10":2,"11":1,"12":1,"13":1,"14":1,"15":2,"16":2,"17":2,"18":2,"19":1,"20":1,"21":2,"22":2,"23":2,"24":1,"25":1,"26":1,"27":1,"28":1,"29":1,"30":1,"31":1,"32":1,"33":1,"34":1,"35":1,"36":2,"37":2,"38":1,"39":2,"40":2,"41":1,"42":2,"43":2,"44":1,"45":1,"46":1,"47":1,"48":1},"b":{"1":[2,1,1,1],"2":[1,1,1,1],"3":[1,1],"4":[1,1],"5":[1,1],"6":[1,1],"7":[1,1],"8":[1,1],"9":[1,1,1],"10":[1,1],"11":[1,1],"12":[1,1],"13":[1,1],"14":[1,1],"15":[1,1]},"f":{"1":2,"2":2,"3":2,"4":2,"5":2,"6":1,"7":1,"8":2,"9":2,"10":2,"11":1},"fnMap":{"1":{"name":"(anonymous_1)","line":12,"loc":{"start":{"line":12,"column":1},"end":{"line":12,"column":13}}},"2":{"name":"(anonymous_2)","line":19,"loc":{"start":{"line":19,"column":5},"end":{"line":19,"column":17}}},"3":{"name":"(anonymous_3)","line":23,"loc":{"start":{"line":23,"column":24},"end":{"line":23,"column":36}}},"4":{"name":"(anonymous_4)","line":61,"loc":{"start":{"line":61,"column":5},"end":{"line":61,"column":17}}},"5":{"name":"(anonymous_5)","line":82,"loc":{"start":{"line":82,"column":5},"end":{"line":82,"column":17}}},"6":{"name":"(anonymous_6)","line":102,"loc":{"start":{"line":102,"column":83},"end":{"line":105,"column":10}},"skip":true},"7":{"name":"(anonymous_7)","line":113,"loc":{"start":{"line":113,"column":77},"end":{"line":116,"column":10}},"skip":true},"8":{"name":"(anonymous_8)","line":127,"loc":{"start":{"line":127,"column":77},"end":{"line":130,"column":10}},"skip":true},"9":{"name":"(anonymous_9)","line":138,"loc":{"start":{"line":138,"column":83},"end":{"line":141,"column":10}},"skip":true},"10":{"name":"(anonymous_10)","line":149,"loc":{"start":{"line":149,"column":79},"end":{"line":152,"column":10}},"skip":true},"11":{"name":"(anonymous_11)","line":160,"loc":{"start":{"line":160,"column":75},"end":{"line":163,"column":10}},"skip":true}},"statementMap":{"1":{"start":{"line":12,"column":0},"end":{"line":175,"column":5}},"2":{"start":{"line":14,"column":4},"end":{"line":14,"column":14}},"3":{"start":{"line":19,"column":4},"end":{"line":56,"column":9}},"4":{"start":{"line":21,"column":8},"end":{"line":21,"column":19}},"5":{"start":{"line":23,"column":8},"end":{"line":35,"column":13}},"6":{"start":{"line":24,"column":12},"end":{"line":34,"column":13}},"7":{"start":{"line":25,"column":16},"end":{"line":28,"column":30}},"8":{"start":{"line":30,"column":16},"end":{"line":33,"column":27}},"9":{"start":{"line":37,"column":8},"end":{"line":39,"column":21}},"10":{"start":{"line":40,"column":8},"end":{"line":53,"column":9}},"11":{"start":{"line":43,"column":12},"end":{"line":46,"column":14}},"12":{"start":{"line":47,"column":12},"end":{"line":47,"column":18}},"13":{"start":{"line":50,"column":12},"end":{"line":51,"column":46}},"14":{"start":{"line":52,"column":12},"end":{"line":52,"column":18}},"15":{"start":{"line":55,"column":8},"end":{"line":55,"column":35}},"16":{"start":{"line":61,"column":4},"end":{"line":63,"column":9}},"17":{"start":{"line":62,"column":8},"end":{"line":62,"column":15}},"18":{"start":{"line":64,"column":4},"end":{"line":77,"column":5}},"19":{"start":{"line":70,"column":8},"end":{"line":70,"column":14}},"20":{"start":{"line":76,"column":8},"end":{"line":76,"column":14}},"21":{"start":{"line":82,"column":4},"end":{"line":84,"column":9}},"22":{"start":{"line":83,"column":8},"end":{"line":83,"column":15}},"23":{"start":{"line":85,"column":4},"end":{"line":174,"column":5}},"24":{"start":{"line":92,"column":8},"end":{"line":94,"column":63}},"25":{"start":{"line":95,"column":8},"end":{"line":95,"column":14}},"26":{"start":{"line":102,"column":8},"end":{"line":111,"column":10},"skip":true},"27":{"start":{"line":109,"column":12},"end":{"line":109,"column":55},"skip":true},"28":{"start":{"line":110,"column":12},"end":{"line":110,"column":48},"skip":true},"29":{"start":{"line":113,"column":8},"end":{"line":125,"column":10},"skip":true},"30":{"start":{"line":120,"column":12},"end":{"line":120,"column":76},"skip":true},"31":{"start":{"line":121,"column":12},"end":{"line":121,"column":73},"skip":true},"32":{"start":{"line":122,"column":12},"end":{"line":122,"column":74},"skip":true},"33":{"start":{"line":123,"column":12},"end":{"line":123,"column":25},"skip":true},"34":{"start":{"line":124,"column":12},"end":{"line":124,"column":45},"skip":true},"35":{"start":{"line":127,"column":8},"end":{"line":136,"column":10},"skip":true},"36":{"start":{"line":134,"column":12},"end":{"line":134,"column":25},"skip":true},"37":{"start":{"line":135,"column":12},"end":{"line":135,"column":45},"skip":true},"38":{"start":{"line":138,"column":8},"end":{"line":147,"column":10},"skip":true},"39":{"start":{"line":145,"column":12},"end":{"line":145,"column":25},"skip":true},"40":{"start":{"line":146,"column":12},"end":{"line":146,"column":48},"skip":true},"41":{"start":{"line":149,"column":8},"end":{"line":158,"column":10},"skip":true},"42":{"start":{"line":156,"column":12},"end":{"line":156,"column":25},"skip":true},"43":{"start":{"line":157,"column":12},"end":{"line":157,"column":46},"skip":true},"44":{"start":{"line":160,"column":8},"end":{"line":169,"column":10},"skip":true},"45":{"start":{"line":167,"column":12},"end":{"line":167,"column":94},"skip":true},"46":{"start":{"line":168,"column":12},"end":{"line":168,"column":48},"skip":true},"47":{"start":{"line":172,"column":8},"end":{"line":172,"column":35},"skip":true},"48":{"start":{"line":173,"column":8},"end":{"line":173,"column":14},"skip":true}},"branchMap":{"1":{"line":25,"type":"binary-expr","locations":[{"start":{"line":25,"column":23},"end":{"line":25,"column":62}},{"start":{"line":26,"column":20},"end":{"line":26,"column":70}},{"start":{"line":27,"column":20},"end":{"line":27,"column":71}},{"start":{"line":28,"column":20},"end":{"line":28,"column":29}}]},"2":{"line":30,"type":"binary-expr","locations":[{"start":{"line":30,"column":23},"end":{"line":30,"column":37}},{"start":{"line":31,"column":20},"end":{"line":31,"column":61}},{"start":{"line":32,"column":20},"end":{"line":32,"column":70}},{"start":{"line":33,"column":20},"end":{"line":33,"column":26}}]},"3":{"line":37,"type":"cond-expr","locations":[{"start":{"line":38,"column":14},"end":{"line":38,"column":20}},{"start":{"line":39,"column":14},"end":{"line":39,"column":20}}]},"4":{"line":40,"type":"switch","locations":[{"start":{"line":42,"column":8},"end":{"line":47,"column":18}},{"start":{"line":49,"column":8},"end":{"line":52,"column":18}}]},"5":{"line":44,"type":"binary-expr","locations":[{"start":{"line":44,"column":16},"end":{"line":44,"column":44}},{"start":{"line":44,"column":48},"end":{"line":44,"column":66}}]},"6":{"line":50,"type":"binary-expr","locations":[{"start":{"line":50,"column":21},"end":{"line":50,"column":49}},{"start":{"line":50,"column":53},"end":{"line":50,"column":72}}]},"7":{"line":64,"type":"switch","locations":[{"start":{"line":69,"column":4},"end":{"line":70,"column":14}},{"start":{"line":75,"column":4},"end":{"line":76,"column":14}}]},"8":{"line":85,"type":"switch","locations":[{"start":{"line":90,"column":4},"end":{"line":95,"column":14}},{"start":{"line":101,"column":4},"end":{"line":173,"column":14},"skip":true}]},"9":{"line":92,"type":"binary-expr","locations":[{"start":{"line":92,"column":18},"end":{"line":92,"column":32}},{"start":{"line":93,"column":12},"end":{"line":93,"column":53}},{"start":{"line":94,"column":12},"end":{"line":94,"column":61}}]},"10":{"line":102,"type":"binary-expr","locations":[{"start":{"line":102,"column":45},"end":{"line":102,"column":79},"skip":true},{"start":{"line":102,"column":83},"end":{"line":111,"column":9},"skip":true}]},"11":{"line":113,"type":"binary-expr","locations":[{"start":{"line":113,"column":42},"end":{"line":113,"column":73},"skip":true},{"start":{"line":113,"column":77},"end":{"line":125,"column":9},"skip":true}]},"12":{"line":127,"type":"binary-expr","locations":[{"start":{"line":127,"column":42},"end":{"line":127,"column":73},"skip":true},{"start":{"line":127,"column":77},"end":{"line":136,"column":9},"skip":true}]},"13":{"line":138,"type":"binary-expr","locations":[{"start":{"line":138,"column":45},"end":{"line":138,"column":79},"skip":true},{"start":{"line":138,"column":83},"end":{"line":147,"column":9},"skip":true}]},"14":{"line":149,"type":"binary-expr","locations":[{"start":{"line":149,"column":43},"end":{"line":149,"column":75},"skip":true},{"start":{"line":149,"column":79},"end":{"line":158,"column":9},"skip":true}]},"15":{"line":160,"type":"binary-expr","locations":[{"start":{"line":160,"column":41},"end":{"line":160,"column":71},"skip":true},{"start":{"line":160,"column":75},"end":{"line":169,"column":9},"skip":true}]}},"code":["/* istanbul instrument in package npmtest_q */","/*jslint","    bitwise: true,","    browser: true,","    maxerr: 8,","    maxlen: 96,","    node: true,","    nomen: true,","    regexp: true,","    stupid: true","*/","(function () {","    'use strict';","    var local;","","","","    // run shared js-env code - pre-init","    (function () {","        // init local","        local = {};","        // init modeJs","        local.modeJs = (function () {","            try {","                return typeof navigator.userAgent === 'string' &&","                    typeof document.querySelector('body') === 'object' &&","                    typeof XMLHttpRequest.prototype.open === 'function' &&","                    'browser';","            } catch (errorCaughtBrowser) {","                return module.exports &&","                    typeof process.versions.node === 'string' &&","                    typeof require('http').createServer === 'function' &&","                    'node';","            }","        }());","        // init global","        local.global = local.modeJs === 'browser'","            ? window","            : global;","        switch (local.modeJs) {","        // re-init local from window.local","        case 'browser':","            local = local.global.utility2.objectSetDefault(","                local.global.utility2_rollup || local.global.local,","                local.global.utility2","            );","            break;","        // re-init local from example.js","        case 'node':","            local = (local.global.utility2_rollup || require('utility2'))","                .requireExampleJsFromReadme();","            break;","        }","        // export local","        local.global.local = local;","    }());","","","","    // run shared js-env code - function","    (function () {","        return;","    }());","    switch (local.modeJs) {","","","","    // run browser js-env code - function","    case 'browser':","        break;","","","","    // run node js-env code - function","    case 'node':","        break;","    }","","","","    // run shared js-env code - post-init","    (function () {","        return;","    }());","    switch (local.modeJs) {","","","","    // run browser js-env code - post-init","    case 'browser':","        // run tests","        local.nop(local.modeTest &&","            document.querySelector('#testRunButton1') &&","            document.querySelector('#testRunButton1').click());","        break;","","","","    // run node js-env code - post-init","    /* istanbul ignore next */","    case 'node':","        local.testCase_buildApidoc_default = local.testCase_buildApidoc_default || function (","            options,","            onError","        ) {","        /*","         * this function will test buildApidoc's default handling-behavior-behavior","         */","            options = { modulePathList: module.paths };","            local.buildApidoc(options, onError);","        };","","        local.testCase_buildApp_default = local.testCase_buildApp_default || function (","            options,","            onError","        ) {","        /*","         * this function will test buildApp's default handling-behavior-behavior","         */","            local.testCase_buildReadme_default(options, local.onErrorThrow);","            local.testCase_buildLib_default(options, local.onErrorThrow);","            local.testCase_buildTest_default(options, local.onErrorThrow);","            options = [];","            local.buildApp(options, onError);","        };","","        local.testCase_buildLib_default = local.testCase_buildLib_default || function (","            options,","            onError","        ) {","        /*","         * this function will test buildLib's default handling-behavior","         */","            options = {};","            local.buildLib(options, onError);","        };","","        local.testCase_buildReadme_default = local.testCase_buildReadme_default || function (","            options,","            onError","        ) {","        /*","         * this function will test buildReadme's default handling-behavior-behavior","         */","            options = {};","            local.buildReadme(options, onError);","        };","","        local.testCase_buildTest_default = local.testCase_buildTest_default || function (","            options,","            onError","        ) {","        /*","         * this function will test buildTest's default handling-behavior","         */","            options = {};","            local.buildTest(options, onError);","        };","","        local.testCase_webpage_default = local.testCase_webpage_default || function (","            options,","            onError","        ) {","        /*","         * this function will test webpage's default handling-behavior","         */","            options = { modeCoverageMerge: true, url: local.serverLocalHost + '?modeTest=1' };","            local.browserTest(options, onError);","        };","","        // run test-server","        local.testRunServer(local);","        break;","    }","}());",""],"l":{"12":2,"14":2,"19":2,"21":2,"23":2,"24":2,"25":2,"30":1,"37":2,"40":2,"43":1,"47":1,"50":1,"52":1,"55":2,"61":2,"62":2,"64":2,"70":1,"76":1,"82":2,"83":2,"85":2,"92":1,"95":1,"102":1,"109":1,"110":1,"113":1,"120":1,"121":1,"122":1,"123":1,"124":1,"127":1,"134":2,"135":2,"138":1,"145":2,"146":2,"149":1,"156":2,"157":2,"160":1,"167":1,"168":1,"172":1,"173":1}},"/home/travis/build/npmtest/node-npmtest-q/lib.npmtest_q.js":{"path":"/home/travis/build/npmtest/node-npmtest-q/lib.npmtest_q.js","s":{"1":2,"2":2,"3":2,"4":2,"5":2,"6":2,"7":2,"8":1,"9":2,"10":2,"11":2,"12":2,"13":1,"14":1,"15":1,"16":1},"b":{"1":[2,1,1,1],"2":[1,1,1,1],"3":[1,1],"4":[2,2],"5":[1,1]},"f":{"1":2,"2":2,"3":2},"fnMap":{"1":{"name":"(anonymous_1)","line":12,"loc":{"start":{"line":12,"column":1},"end":{"line":12,"column":13}}},"2":{"name":"(anonymous_2)","line":19,"loc":{"start":{"line":19,"column":5},"end":{"line":19,"column":17}}},"3":{"name":"(anonymous_3)","line":23,"loc":{"start":{"line":23,"column":24},"end":{"line":23,"column":36}}}},"statementMap":{"1":{"start":{"line":12,"column":0},"end":{"line":53,"column":5}},"2":{"start":{"line":14,"column":4},"end":{"line":14,"column":14}},"3":{"start":{"line":19,"column":4},"end":{"line":52,"column":9}},"4":{"start":{"line":21,"column":8},"end":{"line":21,"column":19}},"5":{"start":{"line":23,"column":8},"end":{"line":35,"column":13}},"6":{"start":{"line":24,"column":12},"end":{"line":34,"column":13}},"7":{"start":{"line":25,"column":16},"end":{"line":28,"column":30}},"8":{"start":{"line":30,"column":16},"end":{"line":33,"column":27}},"9":{"start":{"line":37,"column":8},"end":{"line":39,"column":21}},"10":{"start":{"line":41,"column":8},"end":{"line":41,"column":54}},"11":{"start":{"line":43,"column":8},"end":{"line":43,"column":46}},"12":{"start":{"line":45,"column":8},"end":{"line":51,"column":9}},"13":{"start":{"line":46,"column":12},"end":{"line":46,"column":52}},"14":{"start":{"line":48,"column":12},"end":{"line":48,"column":35}},"15":{"start":{"line":49,"column":12},"end":{"line":49,"column":49}},"16":{"start":{"line":50,"column":12},"end":{"line":50,"column":43}}},"branchMap":{"1":{"line":25,"type":"binary-expr","locations":[{"start":{"line":25,"column":23},"end":{"line":25,"column":62}},{"start":{"line":26,"column":20},"end":{"line":26,"column":70}},{"start":{"line":27,"column":20},"end":{"line":27,"column":71}},{"start":{"line":28,"column":20},"end":{"line":28,"column":29}}]},"2":{"line":30,"type":"binary-expr","locations":[{"start":{"line":30,"column":23},"end":{"line":30,"column":37}},{"start":{"line":31,"column":20},"end":{"line":31,"column":61}},{"start":{"line":32,"column":20},"end":{"line":32,"column":70}},{"start":{"line":33,"column":20},"end":{"line":33,"column":26}}]},"3":{"line":37,"type":"cond-expr","locations":[{"start":{"line":38,"column":14},"end":{"line":38,"column":20}},{"start":{"line":39,"column":14},"end":{"line":39,"column":20}}]},"4":{"line":41,"type":"binary-expr","locations":[{"start":{"line":41,"column":16},"end":{"line":41,"column":44}},{"start":{"line":41,"column":48},"end":{"line":41,"column":53}}]},"5":{"line":45,"type":"if","locations":[{"start":{"line":45,"column":8},"end":{"line":45,"column":8}},{"start":{"line":45,"column":8},"end":{"line":45,"column":8}}]}},"code":["/* istanbul instrument in package npmtest_q */","/*jslint","    bitwise: true,","    browser: true,","    maxerr: 8,","    maxlen: 96,","    node: true,","    nomen: true,","    regexp: true,","    stupid: true","*/","(function () {","    'use strict';","    var local;","","","","    // run shared js-env code - pre-init","    (function () {","        // init local","        local = {};","        // init modeJs","        local.modeJs = (function () {","            try {","                return typeof navigator.userAgent === 'string' &&","                    typeof document.querySelector('body') === 'object' &&","                    typeof XMLHttpRequest.prototype.open === 'function' &&","                    'browser';","            } catch (errorCaughtBrowser) {","                return module.exports &&","                    typeof process.versions.node === 'string' &&","                    typeof require('http').createServer === 'function' &&","                    'node';","            }","        }());","        // init global","        local.global = local.modeJs === 'browser'","            ? window","            : global;","        // init utility2_rollup","        local = local.global.utility2_rollup || local;","        // init lib","        local.local = local.npmtest_q = local;","        // init exports","        if (local.modeJs === 'browser') {","            local.global.utility2_npmtest_q = local;","        } else {","            module.exports = local;","            module.exports.__dirname = __dirname;","            module.exports.module = module;","        }","    }());","}());",""],"l":{"12":2,"14":2,"19":2,"21":2,"23":2,"24":2,"25":2,"30":1,"37":2,"41":2,"43":2,"45":2,"46":1,"48":1,"49":1,"50":1}},"/home/travis/build/npmtest/node-npmtest-q/example.js":{"path":"/home/travis/build/npmtest/node-npmtest-q/example.js","s":{"1":2,"2":2,"3":2,"4":2,"5":2,"6":2,"7":2,"8":1,"9":2,"10":2,"11":2,"12":2,"13":1,"14":2,"15":2,"16":2,"17":2,"18":2,"19":0,"20":2,"21":1,"22":1,"23":1,"24":1,"25":1,"26":0,"27":0,"28":1,"29":1,"30":2,"31":0,"32":0,"33":0,"34":1,"35":2,"36":2,"37":2,"38":2,"39":2,"40":2,"41":0,"42":2,"43":2,"44":2,"45":1,"46":3,"47":1,"48":1,"49":1,"50":1,"51":1,"52":1,"53":1,"54":1,"55":1,"56":1,"57":0,"58":1,"59":6,"60":6,"61":1,"62":2,"63":0,"64":2,"65":1,"66":1,"67":0,"68":0,"69":0,"70":0,"71":0,"72":0,"73":0,"74":0,"75":0,"76":0,"77":0,"78":0,"79":0,"80":0,"81":0,"82":0,"83":0},"b":{"1":[2,1,1,1],"2":[1,1,1,1],"3":[1,1],"4":[2,2],"5":[1,1],"6":[1,1],"7":[2,0],"8":[2,1,1,1,1,1],"9":[0,2,0],"10":[1,1],"11":[2,1,1],"12":[1,0],"13":[0,2],"14":[2,0,0,0,0,0,0],"15":[0,2],"16":[2,0],"17":[1,1],"18":[0,1],"19":[1,2,0,2],"20":[1,0],"21":[1,1],"22":[0,0],"23":[0,0],"24":[0,0],"25":[0,0],"26":[0,0],"27":[0,0],"28":[0,0]},"f":{"1":2,"2":2,"3":2,"4":2,"5":2,"6":2,"7":2,"8":2,"9":3,"10":1,"11":6,"12":0},"fnMap":{"1":{"name":"(anonymous_1)","line":26,"loc":{"start":{"line":26,"column":1},"end":{"line":26,"column":13}}},"2":{"name":"(anonymous_2)","line":33,"loc":{"start":{"line":33,"column":5},"end":{"line":33,"column":17}}},"3":{"name":"(anonymous_3)","line":37,"loc":{"start":{"line":37,"column":24},"end":{"line":37,"column":36}}},"4":{"name":"(anonymous_4)","line":69,"loc":{"start":{"line":69,"column":31},"end":{"line":69,"column":48}},"skip":true},"5":{"name":"(anonymous_5)","line":78,"loc":{"start":{"line":78,"column":26},"end":{"line":78,"column":45}},"skip":true},"6":{"name":"(anonymous_6)","line":123,"loc":{"start":{"line":123,"column":33},"end":{"line":123,"column":48}},"skip":true},"7":{"name":"(anonymous_7)","line":125,"loc":{"start":{"line":125,"column":27},"end":{"line":125,"column":39}},"skip":true},"8":{"name":"(anonymous_8)","line":133,"loc":{"start":{"line":133,"column":59},"end":{"line":133,"column":74}},"skip":true},"9":{"name":"(anonymous_9)","line":143,"loc":{"start":{"line":143,"column":45},"end":{"line":143,"column":62}},"skip":true},"10":{"name":"(anonymous_10)","line":144,"loc":{"start":{"line":144,"column":73},"end":{"line":144,"column":92}},"skip":true},"11":{"name":"(anonymous_11)","line":272,"loc":{"start":{"line":272,"column":51},"end":{"line":272,"column":77}},"skip":true},"12":{"name":"(anonymous_12)","line":314,"loc":{"start":{"line":314,"column":32},"end":{"line":314,"column":61}},"skip":true}},"statementMap":{"1":{"start":{"line":26,"column":0},"end":{"line":325,"column":5}},"2":{"start":{"line":28,"column":4},"end":{"line":28,"column":14}},"3":{"start":{"line":33,"column":4},"end":{"line":60,"column":9}},"4":{"start":{"line":35,"column":8},"end":{"line":35,"column":19}},"5":{"start":{"line":37,"column":8},"end":{"line":49,"column":13}},"6":{"start":{"line":38,"column":12},"end":{"line":48,"column":13}},"7":{"start":{"line":39,"column":16},"end":{"line":42,"column":30}},"8":{"start":{"line":44,"column":16},"end":{"line":47,"column":27}},"9":{"start":{"line":51,"column":8},"end":{"line":53,"column":21}},"10":{"start":{"line":55,"column":8},"end":{"line":57,"column":45}},"11":{"start":{"line":59,"column":8},"end":{"line":59,"column":35}},"12":{"start":{"line":61,"column":4},"end":{"line":324,"column":5}},"13":{"start":{"line":69,"column":8},"end":{"line":121,"column":10},"skip":true},"14":{"start":{"line":70,"column":12},"end":{"line":88,"column":13},"skip":true},"15":{"start":{"line":76,"column":16},"end":{"line":87,"column":19},"skip":true},"16":{"start":{"line":79,"column":20},"end":{"line":86,"column":21},"skip":true},"17":{"start":{"line":82,"column":24},"end":{"line":82,"column":43},"skip":true},"18":{"start":{"line":83,"column":24},"end":{"line":83,"column":30},"skip":true},"19":{"start":{"line":85,"column":24},"end":{"line":85,"column":49},"skip":true},"20":{"start":{"line":89,"column":12},"end":{"line":107,"column":13},"skip":true},"21":{"start":{"line":92,"column":16},"end":{"line":102,"column":17},"skip":true},"22":{"start":{"line":93,"column":20},"end":{"line":93,"column":86},"skip":true},"23":{"start":{"line":94,"column":20},"end":{"line":95,"column":45},"skip":true},"24":{"start":{"line":96,"column":20},"end":{"line":96,"column":42},"skip":true},"25":{"start":{"line":97,"column":20},"end":{"line":97,"column":48},"skip":true},"26":{"start":{"line":100,"column":20},"end":{"line":100,"column":85},"skip":true},"27":{"start":{"line":101,"column":20},"end":{"line":101,"column":96},"skip":true},"28":{"start":{"line":103,"column":16},"end":{"line":103,"column":22},"skip":true},"29":{"start":{"line":106,"column":16},"end":{"line":106,"column":22},"skip":true},"30":{"start":{"line":108,"column":12},"end":{"line":120,"column":13},"skip":true},"31":{"start":{"line":114,"column":16},"end":{"line":119,"column":17},"skip":true},"32":{"start":{"line":116,"column":20},"end":{"line":116,"column":78},"skip":true},"33":{"start":{"line":118,"column":20},"end":{"line":118,"column":53},"skip":true},"34":{"start":{"line":123,"column":8},"end":{"line":141,"column":11},"skip":true},"35":{"start":{"line":124,"column":12},"end":{"line":124,"column":54},"skip":true},"36":{"start":{"line":125,"column":12},"end":{"line":140,"column":14},"skip":true},"37":{"start":{"line":126,"column":16},"end":{"line":126,"column":28},"skip":true},"38":{"start":{"line":127,"column":16},"end":{"line":127,"column":69},"skip":true},"39":{"start":{"line":128,"column":16},"end":{"line":128,"column":75},"skip":true},"40":{"start":{"line":129,"column":16},"end":{"line":131,"column":17},"skip":true},"41":{"start":{"line":130,"column":20},"end":{"line":130,"column":27},"skip":true},"42":{"start":{"line":133,"column":16},"end":{"line":137,"column":36},"skip":true},"43":{"start":{"line":134,"column":20},"end":{"line":136,"column":55},"skip":true},"44":{"start":{"line":139,"column":16},"end":{"line":139,"column":57},"skip":true},"45":{"start":{"line":143,"column":8},"end":{"line":147,"column":11},"skip":true},"46":{"start":{"line":144,"column":12},"end":{"line":146,"column":15},"skip":true},"47":{"start":{"line":145,"column":16},"end":{"line":145,"column":70},"skip":true},"48":{"start":{"line":149,"column":8},"end":{"line":149,"column":31},"skip":true},"49":{"start":{"line":150,"column":8},"end":{"line":150,"column":14},"skip":true},"50":{"start":{"line":158,"column":8},"end":{"line":158,"column":31},"skip":true},"51":{"start":{"line":160,"column":8},"end":{"line":160,"column":33},"skip":true},"52":{"start":{"line":161,"column":8},"end":{"line":161,"column":37},"skip":true},"53":{"start":{"line":162,"column":8},"end":{"line":162,"column":35},"skip":true},"54":{"start":{"line":164,"column":8},"end":{"line":164,"column":50},"skip":true},"55":{"start":{"line":166,"column":8},"end":{"line":256,"column":2},"skip":true},"56":{"start":{"line":258,"column":8},"end":{"line":286,"column":9},"skip":true},"57":{"start":{"line":259,"column":12},"end":{"line":269,"column":14},"skip":true},"58":{"start":{"line":271,"column":12},"end":{"line":285,"column":19},"skip":true},"59":{"start":{"line":274,"column":20},"end":{"line":274,"column":35},"skip":true},"60":{"start":{"line":275,"column":20},"end":{"line":284,"column":21},"skip":true},"61":{"start":{"line":277,"column":24},"end":{"line":277,"column":64},"skip":true},"62":{"start":{"line":279,"column":24},"end":{"line":279,"column":40},"skip":true},"63":{"start":{"line":281,"column":24},"end":{"line":281,"column":40},"skip":true},"64":{"start":{"line":283,"column":24},"end":{"line":283,"column":39},"skip":true},"65":{"start":{"line":288,"column":8},"end":{"line":290,"column":9},"skip":true},"66":{"start":{"line":289,"column":12},"end":{"line":289,"column":18},"skip":true},"67":{"start":{"line":291,"column":8},"end":{"line":293,"column":54},"skip":true},"68":{"start":{"line":294,"column":8},"end":{"line":301,"column":37},"skip":true},"69":{"start":{"line":302,"column":8},"end":{"line":302,"column":82},"skip":true},"70":{"start":{"line":305,"column":8},"end":{"line":307,"column":9},"skip":true},"71":{"start":{"line":306,"column":12},"end":{"line":306,"column":82},"skip":true},"72":{"start":{"line":309,"column":8},"end":{"line":311,"column":9},"skip":true},"73":{"start":{"line":310,"column":12},"end":{"line":310,"column":18},"skip":true},"74":{"start":{"line":312,"column":8},"end":{"line":312,"column":54},"skip":true},"75":{"start":{"line":313,"column":8},"end":{"line":313,"column":69},"skip":true},"76":{"start":{"line":314,"column":8},"end":{"line":322,"column":36},"skip":true},"77":{"start":{"line":315,"column":12},"end":{"line":315,"column":61},"skip":true},"78":{"start":{"line":316,"column":12},"end":{"line":319,"column":13},"skip":true},"79":{"start":{"line":317,"column":16},"end":{"line":317,"column":75},"skip":true},"80":{"start":{"line":318,"column":16},"end":{"line":318,"column":23},"skip":true},"81":{"start":{"line":320,"column":12},"end":{"line":320,"column":38},"skip":true},"82":{"start":{"line":321,"column":12},"end":{"line":321,"column":27},"skip":true},"83":{"start":{"line":323,"column":8},"end":{"line":323,"column":14},"skip":true}},"branchMap":{"1":{"line":39,"type":"binary-expr","locations":[{"start":{"line":39,"column":23},"end":{"line":39,"column":62}},{"start":{"line":40,"column":20},"end":{"line":40,"column":70}},{"start":{"line":41,"column":20},"end":{"line":41,"column":71}},{"start":{"line":42,"column":20},"end":{"line":42,"column":29}}]},"2":{"line":44,"type":"binary-expr","locations":[{"start":{"line":44,"column":23},"end":{"line":44,"column":37}},{"start":{"line":45,"column":20},"end":{"line":45,"column":61}},{"start":{"line":46,"column":20},"end":{"line":46,"column":70}},{"start":{"line":47,"column":20},"end":{"line":47,"column":26}}]},"3":{"line":51,"type":"cond-expr","locations":[{"start":{"line":52,"column":14},"end":{"line":52,"column":20}},{"start":{"line":53,"column":14},"end":{"line":53,"column":20}}]},"4":{"line":55,"type":"binary-expr","locations":[{"start":{"line":55,"column":16},"end":{"line":55,"column":44}},{"start":{"line":55,"column":49},"end":{"line":57,"column":43}}]},"5":{"line":55,"type":"cond-expr","locations":[{"start":{"line":56,"column":14},"end":{"line":56,"column":45}},{"start":{"line":57,"column":14},"end":{"line":57,"column":43}}]},"6":{"line":61,"type":"switch","locations":[{"start":{"line":68,"column":4},"end":{"line":150,"column":14},"skip":true},{"start":{"line":156,"column":4},"end":{"line":323,"column":14},"skip":true}]},"7":{"line":70,"type":"if","locations":[{"start":{"line":70,"column":12},"end":{"line":70,"column":12},"skip":true},{"start":{"line":70,"column":12},"end":{"line":70,"column":12},"skip":true}]},"8":{"line":70,"type":"binary-expr","locations":[{"start":{"line":70,"column":16},"end":{"line":70,"column":22},"skip":true},{"start":{"line":70,"column":27},"end":{"line":70,"column":32},"skip":true},{"start":{"line":71,"column":20},"end":{"line":71,"column":39},"skip":true},{"start":{"line":72,"column":20},"end":{"line":72,"column":49},"skip":true},{"start":{"line":73,"column":20},"end":{"line":73,"column":58},"skip":true},{"start":{"line":74,"column":20},"end":{"line":74,"column":69},"skip":true}]},"9":{"line":79,"type":"switch","locations":[{"start":{"line":80,"column":20},"end":{"line":80,"column":33},"skip":true},{"start":{"line":81,"column":20},"end":{"line":83,"column":30},"skip":true},{"start":{"line":84,"column":20},"end":{"line":85,"column":49},"skip":true}]},"10":{"line":89,"type":"switch","locations":[{"start":{"line":90,"column":12},"end":{"line":103,"column":22},"skip":true},{"start":{"line":105,"column":12},"end":{"line":106,"column":22},"skip":true}]},"11":{"line":89,"type":"binary-expr","locations":[{"start":{"line":89,"column":20},"end":{"line":89,"column":25},"skip":true},{"start":{"line":89,"column":29},"end":{"line":89,"column":48},"skip":true},{"start":{"line":89,"column":52},"end":{"line":89,"column":74},"skip":true}]},"12":{"line":92,"type":"if","locations":[{"start":{"line":92,"column":16},"end":{"line":92,"column":16},"skip":true},{"start":{"line":92,"column":16},"end":{"line":92,"column":16},"skip":true}]},"13":{"line":108,"type":"if","locations":[{"start":{"line":108,"column":12},"end":{"line":108,"column":12},"skip":true},{"start":{"line":108,"column":12},"end":{"line":108,"column":12},"skip":true}]},"14":{"line":108,"type":"binary-expr","locations":[{"start":{"line":108,"column":16},"end":{"line":108,"column":61},"skip":true},{"start":{"line":108,"column":66},"end":{"line":108,"column":72},"skip":true},{"start":{"line":108,"column":77},"end":{"line":108,"column":82},"skip":true},{"start":{"line":109,"column":20},"end":{"line":109,"column":39},"skip":true},{"start":{"line":110,"column":20},"end":{"line":110,"column":49},"skip":true},{"start":{"line":111,"column":20},"end":{"line":111,"column":58},"skip":true},{"start":{"line":112,"column":20},"end":{"line":112,"column":68},"skip":true}]},"15":{"line":129,"type":"if","locations":[{"start":{"line":129,"column":16},"end":{"line":129,"column":16},"skip":true},{"start":{"line":129,"column":16},"end":{"line":129,"column":16},"skip":true}]},"16":{"line":134,"type":"cond-expr","locations":[{"start":{"line":135,"column":26},"end":{"line":135,"column":29},"skip":true},{"start":{"line":136,"column":26},"end":{"line":136,"column":54},"skip":true}]},"17":{"line":164,"type":"binary-expr","locations":[{"start":{"line":164,"column":27},"end":{"line":164,"column":43},"skip":true},{"start":{"line":164,"column":47},"end":{"line":164,"column":49},"skip":true}]},"18":{"line":258,"type":"if","locations":[{"start":{"line":258,"column":8},"end":{"line":258,"column":8},"skip":true},{"start":{"line":258,"column":8},"end":{"line":258,"column":8},"skip":true}]},"19":{"line":275,"type":"switch","locations":[{"start":{"line":276,"column":20},"end":{"line":277,"column":64},"skip":true},{"start":{"line":278,"column":20},"end":{"line":279,"column":40},"skip":true},{"start":{"line":280,"column":20},"end":{"line":281,"column":40},"skip":true},{"start":{"line":282,"column":20},"end":{"line":283,"column":39},"skip":true}]},"20":{"line":288,"type":"if","locations":[{"start":{"line":288,"column":8},"end":{"line":288,"column":8},"skip":true},{"start":{"line":288,"column":8},"end":{"line":288,"column":8},"skip":true}]},"21":{"line":288,"type":"binary-expr","locations":[{"start":{"line":288,"column":12},"end":{"line":288,"column":40},"skip":true},{"start":{"line":288,"column":44},"end":{"line":288,"column":67},"skip":true}]},"22":{"line":292,"type":"binary-expr","locations":[{"start":{"line":292,"column":12},"end":{"line":292,"column":50},"skip":true},{"start":{"line":293,"column":12},"end":{"line":293,"column":53},"skip":true}]},"23":{"line":295,"type":"binary-expr","locations":[{"start":{"line":295,"column":12},"end":{"line":295,"column":59},"skip":true},{"start":{"line":296,"column":12},"end":{"line":301,"column":36},"skip":true}]},"24":{"line":302,"type":"binary-expr","locations":[{"start":{"line":302,"column":43},"end":{"line":302,"column":75},"skip":true},{"start":{"line":302,"column":79},"end":{"line":302,"column":81},"skip":true}]},"25":{"line":305,"type":"if","locations":[{"start":{"line":305,"column":8},"end":{"line":305,"column":8},"skip":true},{"start":{"line":305,"column":8},"end":{"line":305,"column":8},"skip":true}]},"26":{"line":309,"type":"if","locations":[{"start":{"line":309,"column":8},"end":{"line":309,"column":8},"skip":true},{"start":{"line":309,"column":8},"end":{"line":309,"column":8},"skip":true}]},"27":{"line":312,"type":"binary-expr","locations":[{"start":{"line":312,"column":27},"end":{"line":312,"column":43},"skip":true},{"start":{"line":312,"column":47},"end":{"line":312,"column":53},"skip":true}]},"28":{"line":316,"type":"if","locations":[{"start":{"line":316,"column":12},"end":{"line":316,"column":12},"skip":true},{"start":{"line":316,"column":12},"end":{"line":316,"column":12},"skip":true}]}},"code":["/*","example.js","","quickstart example","","instruction","    1. save this script as example.js","    2. run the shell command:","        $ npm install npmtest-q && PORT=8081 node example.js","    3. play with the browser-demo on http://127.0.0.1:8081","*/","","","","/* istanbul instrument in package npmtest_q */","/*jslint","    bitwise: true,","    browser: true,","    maxerr: 8,","    maxlen: 96,","    node: true,","    nomen: true,","    regexp: true,","    stupid: true","*/","(function () {","    'use strict';","    var local;","","","","    // run shared js-env code - pre-init","    (function () {","        // init local","        local = {};","        // init modeJs","        local.modeJs = (function () {","            try {","                return typeof navigator.userAgent === 'string' &&","                    typeof document.querySelector('body') === 'object' &&","                    typeof XMLHttpRequest.prototype.open === 'function' &&","                    'browser';","            } catch (errorCaughtBrowser) {","                return module.exports &&","                    typeof process.versions.node === 'string' &&","                    typeof require('http').createServer === 'function' &&","                    'node';","            }","        }());","        // init global","        local.global = local.modeJs === 'browser'","            ? window","            : global;","        // init utility2_rollup","        local = local.global.utility2_rollup || (local.modeJs === 'browser'","            ? local.global.utility2_npmtest_q","            : global.utility2_moduleExports);","        // export local","        local.global.local = local;","    }());","    switch (local.modeJs) {","","","","    // post-init","    // run browser js-env code - post-init","    /* istanbul ignore next */","    case 'browser':","        local.testRunBrowser = function (event) {","            if (!event || (event &&","                    event.currentTarget &&","                    event.currentTarget.className &&","                    event.currentTarget.className.includes &&","                    event.currentTarget.className.includes('onreset'))) {","                // reset output","                Array.from(","                    document.querySelectorAll('body > .resettable')","                ).forEach(function (element) {","                    switch (element.tagName) {","                    case 'INPUT':","                    case 'TEXTAREA':","                        element.value = '';","                        break;","                    default:","                        element.textContent = '';","                    }","                });","            }","            switch (event && event.currentTarget && event.currentTarget.id) {","            case 'testRunButton1':","                // show tests","                if (document.querySelector('#testReportDiv1').style.display === 'none') {","                    document.querySelector('#testReportDiv1').style.display = 'block';","                    document.querySelector('#testRunButton1').textContent =","                        'hide internal test';","                    local.modeTest = true;","                    local.testRunDefault(local);","                // hide tests","                } else {","                    document.querySelector('#testReportDiv1').style.display = 'none';","                    document.querySelector('#testRunButton1').textContent = 'run internal test';","                }","                break;","            // custom-case","            default:","                break;","            }","            if (document.querySelector('#inputTextareaEval1') && (!event || (event &&","                    event.currentTarget &&","                    event.currentTarget.className &&","                    event.currentTarget.className.includes &&","                    event.currentTarget.className.includes('oneval')))) {","                // try to eval input-code","                try {","                    /*jslint evil: true*/","                    eval(document.querySelector('#inputTextareaEval1').value);","                } catch (errorCaught) {","                    console.error(errorCaught.stack);","                }","            }","        };","        // log stderr and stdout to #outputTextareaStdout1","        ['error', 'log'].forEach(function (key) {","            console[key + '_original'] = console[key];","            console[key] = function () {","                var element;","                console[key + '_original'].apply(console, arguments);","                element = document.querySelector('#outputTextareaStdout1');","                if (!element) {","                    return;","                }","                // append text to #outputTextareaStdout1","                element.value += Array.from(arguments).map(function (arg) {","                    return typeof arg === 'string'","                        ? arg","                        : JSON.stringify(arg, null, 4);","                }).join(' ') + '\\n';","                // scroll textarea to bottom","                element.scrollTop = element.scrollHeight;","            };","        });","        // init event-handling","        ['change', 'click', 'keyup'].forEach(function (event) {","            Array.from(document.querySelectorAll('.on' + event)).forEach(function (element) {","                element.addEventListener(event, local.testRunBrowser);","            });","        });","        // run tests","        local.testRunBrowser();","        break;","","","","    // run node js-env code - post-init","    /* istanbul ignore next */","    case 'node':","        // export local","        module.exports = local;","        // require modules","        local.fs = require('fs');","        local.http = require('http');","        local.url = require('url');","        // init assets","        local.assetsDict = local.assetsDict || {};","        /* jslint-ignore-begin */","        local.assetsDict['/assets.index.template.html'] = '\\","<!doctype html>\\n\\","<html lang=\"en\">\\n\\","<head>\\n\\","<meta charset=\"UTF-8\">\\n\\","<meta name=\"viewport\" content=\"width=device-width, initial-scale=1\">\\n\\","<title>{{env.npm_package_name}} (v{{env.npm_package_version}})</title>\\n\\","<style>\\n\\","/*csslint\\n\\","    box-sizing: false,\\n\\","    universal-selector: false\\n\\","*/\\n\\","* {\\n\\","    box-sizing: border-box;\\n\\","}\\n\\","body {\\n\\","    background: #dde;\\n\\","    font-family: Arial, Helvetica, sans-serif;\\n\\","    margin: 2rem;\\n\\","}\\n\\","body > * {\\n\\","    margin-bottom: 1rem;\\n\\","}\\n\\",".utility2FooterDiv {\\n\\","    margin-top: 20px;\\n\\","    text-align: center;\\n\\","}\\n\\","</style>\\n\\","<style>\\n\\","/*csslint\\n\\","*/\\n\\","textarea {\\n\\","    font-family: monospace;\\n\\","    height: 10rem;\\n\\","    width: 100%;\\n\\","}\\n\\","textarea[readonly] {\\n\\","    background: #ddd;\\n\\","}\\n\\","</style>\\n\\","</head>\\n\\","<body>\\n\\","<!-- utility2-comment\\n\\","<div id=\"ajaxProgressDiv1\" style=\"background: #d00; height: 2px; left: 0; margin: 0; padding: 0; position: fixed; top: 0; transition: background 0.5s, width 1.5s; width: 25%;\"></div>\\n\\","utility2-comment -->\\n\\","<h1>\\n\\","<!-- utility2-comment\\n\\","    <a\\n\\","        {{#if env.npm_package_homepage}}\\n\\","        href=\"{{env.npm_package_homepage}}\"\\n\\","        {{/if env.npm_package_homepage}}\\n\\","        target=\"_blank\"\\n\\","    >\\n\\","utility2-comment -->\\n\\","        {{env.npm_package_name}} (v{{env.npm_package_version}})\\n\\","<!-- utility2-comment\\n\\","    </a>\\n\\","utility2-comment -->\\n\\","</h1>\\n\\","<h3>{{env.npm_package_description}}</h3>\\n\\","<!-- utility2-comment\\n\\","<h4><a download href=\"assets.app.js\">download standalone app</a></h4>\\n\\","<button class=\"onclick onreset\" id=\"testRunButton1\">run internal test</button><br>\\n\\","<div id=\"testReportDiv1\" style=\"display: none;\"></div>\\n\\","utility2-comment -->\\n\\","\\n\\","\\n\\","\\n\\","<label>stderr and stdout</label>\\n\\","<textarea class=\"resettable\" id=\"outputTextareaStdout1\" readonly></textarea>\\n\\","<!-- utility2-comment\\n\\","{{#if isRollup}}\\n\\","<script src=\"assets.app.js\"></script>\\n\\","{{#unless isRollup}}\\n\\","utility2-comment -->\\n\\","<script src=\"assets.utility2.rollup.js\"></script>\\n\\","<script src=\"jsonp.utility2._stateInit?callback=window.utility2._stateInit\"></script>\\n\\","<script src=\"assets.npmtest_q.rollup.js\"></script>\\n\\","<script src=\"assets.example.js\"></script>\\n\\","<script src=\"assets.test.js\"></script>\\n\\","<!-- utility2-comment\\n\\","{{/if isRollup}}\\n\\","utility2-comment -->\\n\\","<div class=\"utility2FooterDiv\">\\n\\","    [ this app was created with\\n\\","    <a href=\"https://github.com/kaizhu256/node-utility2\" target=\"_blank\">utility2</a>\\n\\","    ]\\n\\","</div>\\n\\","</body>\\n\\","</html>\\n\\","';","        /* jslint-ignore-end */","        if (local.templateRender) {","            local.assetsDict['/'] = local.templateRender(","                local.assetsDict['/assets.index.template.html'],","                {","                    env: local.objectSetDefault(local.env, {","                        npm_package_description: 'the greatest app in the world!',","                        npm_package_name: 'my-app',","                        npm_package_nameAlias: 'my_app',","                        npm_package_version: '0.0.1'","                    })","                }","            );","        } else {","            local.assetsDict['/'] = local.assetsDict['/assets.index.template.html']","                .replace((/\\{\\{env\\.(\\w+?)\\}\\}/g), function (match0, match1) {","                    // jslint-hack","                    String(match0);","                    switch (match1) {","                    case 'npm_package_description':","                        return 'the greatest app in the world!';","                    case 'npm_package_name':","                        return 'my-app';","                    case 'npm_package_nameAlias':","                        return 'my_app';","                    case 'npm_package_version':","                        return '0.0.1';","                    }","                });","        }","        // run the cli","        if (local.global.utility2_rollup || module !== require.main) {","            break;","        }","        local.assetsDict['/assets.example.js'] =","            local.assetsDict['/assets.example.js'] ||","            local.fs.readFileSync(__filename, 'utf8');","        local.assetsDict['/assets.npmtest_q.rollup.js'] =","            local.assetsDict['/assets.npmtest_q.rollup.js'] ||","            local.fs.readFileSync(","                // buildCustomOrg-hack","                local.npmtest_q.__dirname +","                    '/lib.npmtest_q.js',","                'utf8'","            ).replace((/^#!/), '//');","        local.assetsDict['/favicon.ico'] = local.assetsDict['/favicon.ico'] || '';","        // if $npm_config_timeout_exit exists,","        // then exit this process after $npm_config_timeout_exit ms","        if (Number(process.env.npm_config_timeout_exit)) {","            setTimeout(process.exit, Number(process.env.npm_config_timeout_exit));","        }","        // start server","        if (local.global.utility2_serverHttp1) {","            break;","        }","        process.env.PORT = process.env.PORT || '8081';","        console.error('server starting on port ' + process.env.PORT);","        local.http.createServer(function (request, response) {","            request.urlParsed = local.url.parse(request.url);","            if (local.assetsDict[request.urlParsed.pathname] !== undefined) {","                response.end(local.assetsDict[request.urlParsed.pathname]);","                return;","            }","            response.statusCode = 404;","            response.end();","        }).listen(process.env.PORT);","        break;","    }","}());",""],"l":{"26":2,"28":2,"33":2,"35":2,"37":2,"38":2,"39":2,"44":1,"51":2,"55":2,"59":2,"61":2,"69":1,"70":2,"76":2,"79":2,"82":2,"83":2,"85":1,"89":2,"92":1,"93":1,"94":1,"96":1,"97":1,"100":1,"101":1,"103":1,"106":1,"108":2,"114":1,"116":1,"118":1,"123":1,"124":2,"125":2,"126":2,"127":2,"128":2,"129":2,"130":1,"133":2,"134":2,"139":2,"143":1,"144":3,"145":1,"149":1,"150":1,"158":1,"160":1,"161":1,"162":1,"164":1,"166":1,"258":1,"259":1,"271":1,"274":6,"275":6,"277":1,"279":2,"281":1,"283":2,"288":1,"289":1,"291":1,"294":1,"302":1,"305":1,"306":1,"309":1,"310":1,"312":1,"313":1,"314":1,"315":1,"316":1,"317":1,"318":1,"320":1,"321":1,"323":1}},"/home/travis/build/npmtest/node-npmtest-q/q/q.js":{"path":"/home/travis/build/npmtest/node-npmtest-q/q/q.js","s":{"1":1,"2":1,"3":0,"4":1,"5":1,"6":0,"7":0,"8":0,"9":0,"10":0,"11":0,"12":0,"13":0,"14":0,"15":0,"16":0,"17":0,"18":0,"19":0,"20":1,"21":1,"22":1,"23":1,"24":1,"25":1,"26":1,"27":1,"28":1,"29":1,"30":1,"31":1,"32":1,"33":1,"34":1,"35":0,"36":0,"37":0,"38":0,"39":0,"40":0,"41":0,"42":0,"43":0,"44":0,"45":0,"46":0,"47":0,"48":0,"49":1,"50":0,"51":0,"52":0,"53":0,"54":0,"55":0,"56":0,"57":0,"58":0,"59":0,"60":0,"61":0,"62":0,"63":1,"64":0,"65":0,"66":0,"67":0,"68":1,"69":1,"70":1,"71":0,"72":0,"73":0,"74":0,"75":0,"76":0,"77":0,"78":0,"79":0,"80":0,"81":0,"82":0,"83":0,"84":0,"85":0,"86":0,"87":0,"88":0,"89":0,"90":1,"91":0,"92":0,"93":0,"94":0,"95":1,"96":1,"97":1,"98":6,"99":0,"100":1,"101":1,"102":0,"103":0,"104":0,"105":0,"106":0,"107":0,"108":0,"109":0,"110":0,"111":0,"112":0,"113":0,"114":1,"115":0,"116":0,"117":0,"118":0,"119":1,"120":0,"121":0,"122":0,"123":0,"124":0,"125":1,"126":1,"127":0,"128":0,"129":1,"130":0,"131":0,"132":1,"133":1,"134":0,"135":0,"136":0,"137":0,"138":0,"139":1,"140":1,"141":0,"142":1,"143":0,"144":1,"145":1,"146":0,"147":1,"148":0,"149":1,"150":1,"151":0,"152":0,"153":0,"154":0,"155":0,"156":0,"157":0,"158":0,"159":0,"160":0,"161":1,"162":0,"163":0,"164":0,"165":0,"166":0,"167":0,"168":0,"169":1,"170":0,"171":1,"172":2,"173":2,"174":0,"175":2,"176":2,"177":2,"178":0,"179":0,"180":0,"181":1,"182":0,"183":0,"184":0,"185":0,"186":0,"187":0,"188":1,"189":2,"190":0,"191":2,"192":2,"193":2,"194":2,"195":2,"196":2,"197":0,"198":2,"199":2,"200":1,"201":1,"202":0,"203":0,"204":0,"205":1,"206":0,"207":0,"208":0,"209":0,"210":0,"211":1,"212":1,"213":1,"214":1,"215":1,"216":0,"217":1,"218":1,"219":0,"220":0,"221":0,"222":0,"223":0,"224":0,"225":0,"226":0,"227":0,"228":0,"229":0,"230":0,"231":0,"232":0,"233":0,"234":0,"235":0,"236":0,"237":0,"238":0,"239":0,"240":0,"241":0,"242":0,"243":0,"244":0,"245":0,"246":1,"247":0,"248":0,"249":0,"250":0,"251":0,"252":0,"253":0,"254":0,"255":0,"256":0,"257":0,"258":0,"259":0,"260":0,"261":0,"262":0,"263":0,"264":0,"265":0,"266":0,"267":0,"268":0,"269":0,"270":0,"271":0,"272":0,"273":0,"274":0,"275":1,"276":0,"277":0,"278":0,"279":0,"280":0,"281":0,"282":0,"283":1,"284":1,"285":1,"286":0,"287":0,"288":0,"289":0,"290":0,"291":0,"292":0,"293":1,"294":1,"295":1,"296":1,"297":1,"298":0,"299":1,"300":0,"301":1,"302":0,"303":1,"304":0,"305":0,"306":0,"307":0,"308":1,"309":1,"310":0,"311":0,"312":0,"313":1,"314":0,"315":1,"316":1,"317":0,"318":0,"319":0,"320":0,"321":0,"322":0,"323":0,"324":0,"325":0,"326":0,"327":0,"328":0,"329":0,"330":0,"331":0,"332":0,"333":0,"334":0,"335":0,"336":0,"337":0,"338":0,"339":0,"340":0,"341":0,"342":0,"343":0,"344":1,"345":0,"346":1,"347":0,"348":0,"349":0,"350":1,"351":0,"352":0,"353":0,"354":1,"355":0,"356":0,"357":0,"358":0,"359":0,"360":0,"361":1,"362":0,"363":0,"364":0,"365":0,"366":0,"367":0,"368":0,"369":0,"370":0,"371":0,"372":0,"373":0,"374":0,"375":0,"376":0,"377":0,"378":0,"379":0,"380":0,"381":0,"382":0,"383":0,"384":0,"385":1,"386":0,"387":1,"388":0,"389":0,"390":0,"391":1,"392":1,"393":0,"394":1,"395":0,"396":0,"397":1,"398":0,"399":1,"400":0,"401":0,"402":1,"403":0,"404":1,"405":1,"406":0,"407":0,"408":0,"409":0,"410":0,"411":1,"412":1,"413":0,"414":1,"415":1,"416":0,"417":1,"418":1,"419":0,"420":1,"421":0,"422":1,"423":1,"424":0,"425":1,"426":0,"427":1,"428":1,"429":0,"430":1,"431":0,"432":1,"433":1,"434":1,"435":1,"436":1,"437":1,"438":1,"439":1,"440":0,"441":1,"442":0,"443":0,"444":0,"445":0,"446":0,"447":0,"448":0,"449":0,"450":0,"451":0,"452":0,"453":1,"454":0,"455":0,"456":0,"457":0,"458":0,"459":0,"460":0,"461":0,"462":0,"463":0,"464":0,"465":0,"466":1,"467":1,"468":0,"469":1,"470":0,"471":0,"472":1,"473":1,"474":1,"475":0,"476":0,"477":0,"478":0,"479":0,"480":0,"481":0,"482":0,"483":1,"484":1,"485":0,"486":0,"487":0,"488":0,"489":0,"490":0,"491":0,"492":0,"493":0,"494":0,"495":0,"496":1,"497":0,"498":0,"499":0,"500":0,"501":0,"502":0,"503":1,"504":1,"505":0,"506":0,"507":0,"508":1,"509":1,"510":0,"511":1,"512":0,"513":0,"514":1,"515":1,"516":0,"517":1,"518":0,"519":0,"520":0,"521":0,"522":0,"523":0,"524":0,"525":0,"526":0,"527":0,"528":0,"529":0,"530":0,"531":0,"532":0,"533":0,"534":0,"535":0,"536":1,"537":1,"538":0,"539":1,"540":1,"541":0,"542":1,"543":1,"544":0,"545":0,"546":0,"547":1,"548":1,"549":0,"550":1,"551":0,"552":0,"553":0,"554":0,"555":0,"556":1,"557":0,"558":1,"559":0,"560":1,"561":0,"562":1,"563":0,"564":1,"565":0,"566":1,"567":0,"568":1,"569":0,"570":1,"571":0,"572":1,"573":0,"574":1,"575":0,"576":1,"577":0,"578":1,"579":0,"580":1,"581":0,"582":1,"583":0,"584":1,"585":0,"586":0,"587":0,"588":0,"589":1,"590":0,"591":0,"592":0,"593":0,"594":1,"595":0,"596":1,"597":0,"598":1,"599":1,"600":0,"601":0,"602":0,"603":0,"604":0,"605":0,"606":0,"607":0,"608":0,"609":0,"610":0,"611":0,"612":0,"613":0,"614":0,"615":0,"616":1,"617":0,"618":1,"619":1,"620":0,"621":0,"622":0,"623":0,"624":0,"625":0,"626":0,"627":0,"628":1,"629":0,"630":1,"631":0,"632":0,"633":0,"634":0,"635":1,"636":0,"637":0,"638":1,"639":0,"640":1,"641":1,"642":0,"643":0,"644":0,"645":0,"646":0,"647":1,"648":0,"649":1,"650":1,"651":0,"652":1,"653":0,"654":0,"655":0,"656":1,"657":0,"658":0,"659":1,"660":0,"661":1,"662":0,"663":1,"664":1,"665":0,"666":1,"667":0,"668":1,"669":0,"670":1,"671":0,"672":0,"673":0,"674":0,"675":0,"676":0,"677":0,"678":0,"679":1,"680":0,"681":1,"682":0,"683":0,"684":0,"685":0,"686":0,"687":0,"688":0,"689":0,"690":0,"691":0,"692":1,"693":0,"694":1,"695":0,"696":0,"697":0,"698":0,"699":0,"700":0,"701":0,"702":0,"703":0,"704":0,"705":0,"706":0,"707":1,"708":0,"709":0,"710":0,"711":0,"712":1,"713":0,"714":0,"715":0,"716":0,"717":0,"718":1,"719":0,"720":1,"721":0,"722":0,"723":0,"724":0,"725":0,"726":1,"727":0,"728":0,"729":1,"730":0,"731":0,"732":0,"733":0,"734":0,"735":1,"736":0,"737":0,"738":0,"739":0,"740":0,"741":0,"742":0,"743":0,"744":0,"745":1,"746":0,"747":0,"748":0,"749":1,"750":0,"751":0,"752":0,"753":0,"754":0,"755":1,"756":0,"757":0,"758":0,"759":1,"760":0,"761":0,"762":0,"763":1,"764":0,"765":1,"766":0,"767":0,"768":0,"769":0,"770":0,"771":1,"772":0,"773":0,"774":0,"775":0,"776":0,"777":1,"778":0,"779":0,"780":0,"781":0,"782":0,"783":1,"784":1,"785":0,"786":1,"787":0,"788":0,"789":0,"790":0,"791":0,"792":0,"793":0,"794":1,"795":0,"796":1,"797":1},"b":{"1":[0,1],"2":[1,0],"3":[1,1],"4":[0,0],"5":[0,0],"6":[0,0],"7":[0,0],"8":[0,0],"9":[0,0],"10":[0,0],"11":[0,0],"12":[0,0],"13":[0,0],"14":[0,0],"15":[0,0],"16":[0,0],"17":[0,0],"18":[1,0],"19":[1,1,1],"20":[0,0],"21":[0,0],"22":[0,0],"23":[0,0],"24":[1,0],"25":[0,0],"26":[0,0],"27":[0,0],"28":[0,0],"29":[1,0],"30":[0,0],"31":[1,0],"32":[1,0],"33":[1,0],"34":[1,0],"35":[0,0],"36":[0,0],"37":[0,1],"38":[0,0],"39":[0,0,0,0,0],"40":[0,0],"41":[0,0,0],"42":[0,0],"43":[0,0,0],"44":[0,0],"45":[0,2],"46":[2,0],"47":[0,0],"48":[0,0],"49":[0,0,0],"50":[0,2],"51":[0,2],"52":[0,2],"53":[0,0],"54":[0,0],"55":[0,0],"56":[0,0],"57":[0,1],"58":[1,1,1,1],"59":[0,0],"60":[0,0],"61":[0,0],"62":[0,0],"63":[0,0],"64":[0,0],"65":[0,0],"66":[0,0],"67":[0,0],"68":[0,0],"69":[0,0],"70":[0,0],"71":[0,0],"72":[0,0],"73":[0,0],"74":[0,0],"75":[0,0],"76":[0,0],"77":[0,0],"78":[0,0],"79":[0,0],"80":[0,0],"81":[0,0],"82":[0,0],"83":[0,0],"84":[0,0],"85":[0,0],"86":[0,0],"87":[0,0],"88":[0,0],"89":[0,0],"90":[0,0],"91":[0,0],"92":[0,0],"93":[0,0],"94":[0,0],"95":[0,0],"96":[0,0],"97":[0,0],"98":[0,1],"99":[0,0],"100":[0,0],"101":[0,0],"102":[0,0],"103":[0,0],"104":[0,0],"105":[0,0],"106":[0,0],"107":[0,0],"108":[0,0],"109":[0,0],"110":[0,0],"111":[0,0],"112":[0,0],"113":[0,0],"114":[0,0],"115":[0,0],"116":[0,0],"117":[0,0],"118":[0,0],"119":[0,0],"120":[0,0],"121":[0,0],"122":[0,0],"123":[0,0],"124":[0,0],"125":[0,0],"126":[0,0],"127":[0,0,0],"128":[0,0],"129":[0,0,0],"130":[0,0],"131":[0,0],"132":[0,0],"133":[0,0],"134":[0,0],"135":[0,0],"136":[0,0]},"f":{"1":1,"2":0,"3":1,"4":0,"5":1,"6":0,"7":0,"8":0,"9":0,"10":0,"11":0,"12":0,"13":0,"14":0,"15":0,"16":0,"17":6,"18":0,"19":0,"20":0,"21":0,"22":0,"23":0,"24":0,"25":0,"26":0,"27":0,"28":0,"29":0,"30":0,"31":0,"32":0,"33":2,"34":0,"35":2,"36":1,"37":0,"38":0,"39":0,"40":0,"41":0,"42":0,"43":0,"44":0,"45":0,"46":0,"47":0,"48":0,"49":0,"50":0,"51":0,"52":0,"53":0,"54":0,"55":0,"56":0,"57":0,"58":0,"59":0,"60":0,"61":0,"62":0,"63":0,"64":0,"65":0,"66":0,"67":0,"68":0,"69":0,"70":0,"71":0,"72":0,"73":0,"74":0,"75":0,"76":0,"77":0,"78":0,"79":0,"80":0,"81":0,"82":0,"83":0,"84":0,"85":0,"86":0,"87":0,"88":0,"89":0,"90":0,"91":0,"92":0,"93":0,"94":0,"95":0,"96":0,"97":1,"98":0,"99":0,"100":0,"101":0,"102":0,"103":0,"104":0,"105":0,"106":0,"107":0,"108":0,"109":0,"110":0,"111":0,"112":0,"113":0,"114":0,"115":0,"116":0,"117":0,"118":0,"119":0,"120":0,"121":0,"122":0,"123":0,"124":0,"125":0,"126":0,"127":0,"128":0,"129":0,"130":0,"131":0,"132":0,"133":0,"134":0,"135":0,"136":0,"137":0,"138":0,"139":0,"140":0,"141":0,"142":0,"143":0,"144":0,"145":0,"146":0,"147":0,"148":0,"149":0,"150":0,"151":0,"152":0,"153":0,"154":0,"155":0,"156":0,"157":0,"158":0,"159":0,"160":0,"161":0,"162":0,"163":0,"164":0,"165":0,"166":0,"167":0,"168":0,"169":0,"170":0,"171":0,"172":0,"173":0,"174":0,"175":0,"176":0,"177":0,"178":0,"179":0,"180":0,"181":0,"182":0,"183":0,"184":0,"185":0,"186":0,"187":0,"188":0,"189":0,"190":0,"191":0,"192":0,"193":0,"194":0,"195":0,"196":0,"197":0,"198":0,"199":0,"200":0,"201":0,"202":0,"203":0,"204":0,"205":0,"206":0,"207":0,"208":0,"209":0,"210":0,"211":0,"212":0,"213":0,"214":0,"215":0,"216":0,"217":0,"218":0,"219":0,"220":0,"221":0,"222":0,"223":0},"fnMap":{"1":{"name":"(anonymous_1)","line":29,"loc":{"start":{"line":29,"column":1},"end":{"line":29,"column":23}}},"2":{"name":"(anonymous_2)","line":70,"loc":{"start":{"line":70,"column":30},"end":{"line":70,"column":42}}},"3":{"name":"(anonymous_3)","line":79,"loc":{"start":{"line":79,"column":3},"end":{"line":79,"column":15}}},"4":{"name":"(anonymous_4)","line":97,"loc":{"start":{"line":97,"column":11},"end":{"line":97,"column":23}}},"5":{"name":"(anonymous_5)","line":101,"loc":{"start":{"line":101,"column":15},"end":{"line":101,"column":27}}},"6":{"name":"flush","line":111,"loc":{"start":{"line":111,"column":4},"end":{"line":111,"column":21}}},"7":{"name":"runSingle","line":135,"loc":{"start":{"line":135,"column":4},"end":{"line":135,"column":37}}},"8":{"name":"(anonymous_8)","line":160,"loc":{"start":{"line":160,"column":27},"end":{"line":160,"column":39}}},"9":{"name":"(anonymous_9)","line":171,"loc":{"start":{"line":171,"column":15},"end":{"line":171,"column":31}}},"10":{"name":"(anonymous_10)","line":196,"loc":{"start":{"line":196,"column":22},"end":{"line":196,"column":34}}},"11":{"name":"(anonymous_11)","line":205,"loc":{"start":{"line":205,"column":26},"end":{"line":205,"column":38}}},"12":{"name":"(anonymous_12)","line":216,"loc":{"start":{"line":216,"column":34},"end":{"line":216,"column":46}}},"13":{"name":"(anonymous_13)","line":221,"loc":{"start":{"line":221,"column":30},"end":{"line":221,"column":42}}},"14":{"name":"(anonymous_14)","line":226,"loc":{"start":{"line":226,"column":22},"end":{"line":226,"column":34}}},"15":{"name":"(anonymous_15)","line":233,"loc":{"start":{"line":233,"column":22},"end":{"line":233,"column":34}}},"16":{"name":"(anonymous_16)","line":240,"loc":{"start":{"line":240,"column":24},"end":{"line":240,"column":40}}},"17":{"name":"uncurryThis","line":261,"loc":{"start":{"line":261,"column":0},"end":{"line":261,"column":24}}},"18":{"name":"(anonymous_18)","line":262,"loc":{"start":{"line":262,"column":11},"end":{"line":262,"column":23}}},"19":{"name":"(anonymous_19)","line":273,"loc":{"start":{"line":273,"column":30},"end":{"line":273,"column":57}}},"20":{"name":"(anonymous_20)","line":302,"loc":{"start":{"line":302,"column":31},"end":{"line":302,"column":48}}},"21":{"name":"(anonymous_21)","line":314,"loc":{"start":{"line":314,"column":27},"end":{"line":314,"column":54}}},"22":{"name":"(anonymous_22)","line":317,"loc":{"start":{"line":317,"column":27},"end":{"line":317,"column":62}}},"23":{"name":"(anonymous_23)","line":324,"loc":{"start":{"line":324,"column":37},"end":{"line":324,"column":58}}},"24":{"name":"Type","line":325,"loc":{"start":{"line":325,"column":4},"end":{"line":325,"column":20}}},"25":{"name":"(anonymous_25)","line":330,"loc":{"start":{"line":330,"column":53},"end":{"line":330,"column":86}}},"26":{"name":"(anonymous_26)","line":337,"loc":{"start":{"line":337,"column":33},"end":{"line":337,"column":51}}},"27":{"name":"isObject","line":349,"loc":{"start":{"line":349,"column":0},"end":{"line":349,"column":25}}},"28":{"name":"isStopIteration","line":356,"loc":{"start":{"line":356,"column":0},"end":{"line":356,"column":36}}},"29":{"name":"(anonymous_29)","line":369,"loc":{"start":{"line":369,"column":19},"end":{"line":369,"column":36}}},"30":{"name":"makeStackTraceLong","line":378,"loc":{"start":{"line":378,"column":0},"end":{"line":378,"column":44}}},"31":{"name":"filterStackString","line":402,"loc":{"start":{"line":402,"column":0},"end":{"line":402,"column":40}}},"32":{"name":"isNodeFrame","line":415,"loc":{"start":{"line":415,"column":0},"end":{"line":415,"column":32}}},"33":{"name":"getFileNameAndLineNumber","line":420,"loc":{"start":{"line":420,"column":0},"end":{"line":420,"column":45}}},"34":{"name":"isInternalFrame","line":441,"loc":{"start":{"line":441,"column":0},"end":{"line":441,"column":36}}},"35":{"name":"captureLine","line":458,"loc":{"start":{"line":458,"column":0},"end":{"line":458,"column":23}}},"36":{"name":"deprecate","line":478,"loc":{"start":{"line":478,"column":0},"end":{"line":478,"column":48}}},"37":{"name":"(anonymous_37)","line":479,"loc":{"start":{"line":479,"column":11},"end":{"line":479,"column":23}}},"38":{"name":"Q","line":497,"loc":{"start":{"line":497,"column":0},"end":{"line":497,"column":18}}},"39":{"name":"defer","line":549,"loc":{"start":{"line":549,"column":0},"end":{"line":549,"column":17}}},"40":{"name":"(anonymous_40)","line":561,"loc":{"start":{"line":561,"column":30},"end":{"line":561,"column":63}}},"41":{"name":"(anonymous_41)","line":569,"loc":{"start":{"line":569,"column":23},"end":{"line":569,"column":35}}},"42":{"name":"(anonymous_42)","line":576,"loc":{"start":{"line":576,"column":22},"end":{"line":576,"column":34}}},"43":{"name":"(anonymous_43)","line":587,"loc":{"start":{"line":587,"column":22},"end":{"line":587,"column":34}}},"44":{"name":"become","line":613,"loc":{"start":{"line":613,"column":4},"end":{"line":613,"column":32}}},"45":{"name":"(anonymous_45)","line":622,"loc":{"start":{"line":622,"column":31},"end":{"line":622,"column":61}}},"46":{"name":"(anonymous_46)","line":623,"loc":{"start":{"line":623,"column":23},"end":{"line":623,"column":35}}},"47":{"name":"(anonymous_47)","line":633,"loc":{"start":{"line":633,"column":23},"end":{"line":633,"column":40}}},"48":{"name":"(anonymous_48)","line":641,"loc":{"start":{"line":641,"column":23},"end":{"line":641,"column":40}}},"49":{"name":"(anonymous_49)","line":648,"loc":{"start":{"line":648,"column":22},"end":{"line":648,"column":40}}},"50":{"name":"(anonymous_50)","line":655,"loc":{"start":{"line":655,"column":22},"end":{"line":655,"column":42}}},"51":{"name":"(anonymous_51)","line":660,"loc":{"start":{"line":660,"column":40},"end":{"line":660,"column":79}}},"52":{"name":"(anonymous_52)","line":661,"loc":{"start":{"line":661,"column":23},"end":{"line":661,"column":35}}},"53":{"name":"(anonymous_53)","line":675,"loc":{"start":{"line":675,"column":35},"end":{"line":675,"column":47}}},"54":{"name":"(anonymous_54)","line":677,"loc":{"start":{"line":677,"column":11},"end":{"line":677,"column":35}}},"55":{"name":"promise","line":696,"loc":{"start":{"line":696,"column":0},"end":{"line":696,"column":27}}},"56":{"name":"(anonymous_56)","line":717,"loc":{"start":{"line":717,"column":15},"end":{"line":717,"column":33}}},"57":{"name":"(anonymous_57)","line":723,"loc":{"start":{"line":723,"column":31},"end":{"line":723,"column":43}}},"58":{"name":"(anonymous_58)","line":738,"loc":{"start":{"line":738,"column":9},"end":{"line":738,"column":25}}},"59":{"name":"(anonymous_59)","line":742,"loc":{"start":{"line":742,"column":25},"end":{"line":742,"column":41}}},"60":{"name":"(anonymous_60)","line":743,"loc":{"start":{"line":743,"column":34},"end":{"line":743,"column":50}}},"61":{"name":"race","line":759,"loc":{"start":{"line":759,"column":0},"end":{"line":759,"column":24}}},"62":{"name":"(anonymous_62)","line":760,"loc":{"start":{"line":760,"column":19},"end":{"line":760,"column":46}}},"63":{"name":"(anonymous_63)","line":772,"loc":{"start":{"line":772,"column":25},"end":{"line":772,"column":37}}},"64":{"name":"Promise","line":788,"loc":{"start":{"line":788,"column":0},"end":{"line":788,"column":48}}},"65":{"name":"(anonymous_65)","line":790,"loc":{"start":{"line":790,"column":19},"end":{"line":790,"column":33}}},"66":{"name":"(anonymous_66)","line":797,"loc":{"start":{"line":797,"column":18},"end":{"line":797,"column":30}}},"67":{"name":"(anonymous_67)","line":804,"loc":{"start":{"line":804,"column":30},"end":{"line":804,"column":59}}},"68":{"name":"(anonymous_68)","line":829,"loc":{"start":{"line":829,"column":26},"end":{"line":829,"column":38}}},"69":{"name":"(anonymous_69)","line":842,"loc":{"start":{"line":842,"column":29},"end":{"line":842,"column":41}}},"70":{"name":"(anonymous_70)","line":846,"loc":{"start":{"line":846,"column":25},"end":{"line":846,"column":68}}},"71":{"name":"_fulfilled","line":852,"loc":{"start":{"line":852,"column":4},"end":{"line":852,"column":31}}},"72":{"name":"_rejected","line":860,"loc":{"start":{"line":860,"column":4},"end":{"line":860,"column":34}}},"73":{"name":"_progressed","line":872,"loc":{"start":{"line":872,"column":4},"end":{"line":872,"column":32}}},"74":{"name":"(anonymous_74)","line":876,"loc":{"start":{"line":876,"column":15},"end":{"line":876,"column":27}}},"75":{"name":"(anonymous_75)","line":877,"loc":{"start":{"line":877,"column":29},"end":{"line":877,"column":46}}},"76":{"name":"(anonymous_76)","line":884,"loc":{"start":{"line":884,"column":20},"end":{"line":884,"column":41}}},"77":{"name":"(anonymous_77)","line":895,"loc":{"start":{"line":895,"column":50},"end":{"line":895,"column":67}}},"78":{"name":"(anonymous_78)","line":917,"loc":{"start":{"line":917,"column":8},"end":{"line":917,"column":37}}},"79":{"name":"(anonymous_79)","line":933,"loc":{"start":{"line":933,"column":24},"end":{"line":933,"column":44}}},"80":{"name":"(anonymous_80)","line":936,"loc":{"start":{"line":936,"column":21},"end":{"line":936,"column":38}}},"81":{"name":"when","line":958,"loc":{"start":{"line":958,"column":0},"end":{"line":958,"column":54}}},"82":{"name":"(anonymous_82)","line":962,"loc":{"start":{"line":962,"column":32},"end":{"line":962,"column":49}}},"83":{"name":"(anonymous_83)","line":963,"loc":{"start":{"line":963,"column":21},"end":{"line":963,"column":33}}},"84":{"name":"(anonymous_84)","line":966,"loc":{"start":{"line":966,"column":16},"end":{"line":966,"column":42}}},"85":{"name":"(anonymous_85)","line":970,"loc":{"start":{"line":970,"column":31},"end":{"line":970,"column":49}}},"86":{"name":"(anonymous_86)","line":971,"loc":{"start":{"line":971,"column":21},"end":{"line":971,"column":33}}},"87":{"name":"(anonymous_87)","line":974,"loc":{"start":{"line":974,"column":15},"end":{"line":974,"column":42}}},"88":{"name":"nearer","line":990,"loc":{"start":{"line":990,"column":0},"end":{"line":990,"column":23}}},"89":{"name":"isPromise","line":1005,"loc":{"start":{"line":1005,"column":0},"end":{"line":1005,"column":27}}},"90":{"name":"isPromiseAlike","line":1010,"loc":{"start":{"line":1010,"column":0},"end":{"line":1010,"column":32}}},"91":{"name":"isPending","line":1019,"loc":{"start":{"line":1019,"column":0},"end":{"line":1019,"column":27}}},"92":{"name":"(anonymous_92)","line":1023,"loc":{"start":{"line":1023,"column":30},"end":{"line":1023,"column":42}}},"93":{"name":"isFulfilled","line":1032,"loc":{"start":{"line":1032,"column":0},"end":{"line":1032,"column":29}}},"94":{"name":"(anonymous_94)","line":1036,"loc":{"start":{"line":1036,"column":32},"end":{"line":1036,"column":44}}},"95":{"name":"isRejected","line":1044,"loc":{"start":{"line":1044,"column":0},"end":{"line":1044,"column":28}}},"96":{"name":"(anonymous_96)","line":1048,"loc":{"start":{"line":1048,"column":31},"end":{"line":1048,"column":43}}},"97":{"name":"resetUnhandledRejections","line":1063,"loc":{"start":{"line":1063,"column":0},"end":{"line":1063,"column":36}}},"98":{"name":"trackRejection","line":1072,"loc":{"start":{"line":1072,"column":0},"end":{"line":1072,"column":41}}},"99":{"name":"(anonymous_99)","line":1077,"loc":{"start":{"line":1077,"column":28},"end":{"line":1077,"column":40}}},"100":{"name":"untrackRejection","line":1093,"loc":{"start":{"line":1093,"column":0},"end":{"line":1093,"column":35}}},"101":{"name":"(anonymous_101)","line":1101,"loc":{"start":{"line":1101,"column":32},"end":{"line":1101,"column":44}}},"102":{"name":"(anonymous_102)","line":1116,"loc":{"start":{"line":1116,"column":24},"end":{"line":1116,"column":36}}},"103":{"name":"(anonymous_103)","line":1121,"loc":{"start":{"line":1121,"column":35},"end":{"line":1121,"column":47}}},"104":{"name":"reject","line":1135,"loc":{"start":{"line":1135,"column":0},"end":{"line":1135,"column":24}}},"105":{"name":"(anonymous_105)","line":1137,"loc":{"start":{"line":1137,"column":16},"end":{"line":1137,"column":36}}},"106":{"name":"fallback","line":1144,"loc":{"start":{"line":1144,"column":7},"end":{"line":1144,"column":27}}},"107":{"name":"inspect","line":1146,"loc":{"start":{"line":1146,"column":7},"end":{"line":1146,"column":26}}},"108":{"name":"fulfill","line":1161,"loc":{"start":{"line":1161,"column":0},"end":{"line":1161,"column":24}}},"109":{"name":"(anonymous_109)","line":1163,"loc":{"start":{"line":1163,"column":16},"end":{"line":1163,"column":28}}},"110":{"name":"(anonymous_110)","line":1166,"loc":{"start":{"line":1166,"column":15},"end":{"line":1166,"column":31}}},"111":{"name":"(anonymous_111)","line":1169,"loc":{"start":{"line":1169,"column":15},"end":{"line":1169,"column":36}}},"112":{"name":"(anonymous_112)","line":1172,"loc":{"start":{"line":1172,"column":18},"end":{"line":1172,"column":34}}},"113":{"name":"(anonymous_113)","line":1175,"loc":{"start":{"line":1175,"column":16},"end":{"line":1175,"column":38}}},"114":{"name":"(anonymous_114)","line":1184,"loc":{"start":{"line":1184,"column":17},"end":{"line":1184,"column":40}}},"115":{"name":"(anonymous_115)","line":1187,"loc":{"start":{"line":1187,"column":16},"end":{"line":1187,"column":28}}},"116":{"name":"inspect","line":1190,"loc":{"start":{"line":1190,"column":15},"end":{"line":1190,"column":34}}},"117":{"name":"coerce","line":1200,"loc":{"start":{"line":1200,"column":0},"end":{"line":1200,"column":25}}},"118":{"name":"(anonymous_118)","line":1202,"loc":{"start":{"line":1202,"column":15},"end":{"line":1202,"column":27}}},"119":{"name":"master","line":1222,"loc":{"start":{"line":1222,"column":0},"end":{"line":1222,"column":24}}},"120":{"name":"(anonymous_120)","line":1224,"loc":{"start":{"line":1224,"column":17},"end":{"line":1224,"column":29}}},"121":{"name":"fallback","line":1225,"loc":{"start":{"line":1225,"column":7},"end":{"line":1225,"column":35}}},"122":{"name":"(anonymous_122)","line":1227,"loc":{"start":{"line":1227,"column":7},"end":{"line":1227,"column":19}}},"123":{"name":"spread","line":1243,"loc":{"start":{"line":1243,"column":0},"end":{"line":1243,"column":44}}},"124":{"name":"(anonymous_124)","line":1247,"loc":{"start":{"line":1247,"column":27},"end":{"line":1247,"column":58}}},"125":{"name":"(anonymous_125)","line":1248,"loc":{"start":{"line":1248,"column":27},"end":{"line":1248,"column":44}}},"126":{"name":"async","line":1280,"loc":{"start":{"line":1280,"column":0},"end":{"line":1280,"column":30}}},"127":{"name":"(anonymous_127)","line":1281,"loc":{"start":{"line":1281,"column":11},"end":{"line":1281,"column":23}}},"128":{"name":"continuer","line":1284,"loc":{"start":{"line":1284,"column":8},"end":{"line":1284,"column":38}}},"129":{"name":"spawn","line":1337,"loc":{"start":{"line":1337,"column":0},"end":{"line":1337,"column":30}}},"130":{"name":"_return","line":1367,"loc":{"start":{"line":1367,"column":0},"end":{"line":1367,"column":24}}},"131":{"name":"promised","line":1387,"loc":{"start":{"line":1387,"column":0},"end":{"line":1387,"column":28}}},"132":{"name":"(anonymous_132)","line":1388,"loc":{"start":{"line":1388,"column":11},"end":{"line":1388,"column":23}}},"133":{"name":"(anonymous_133)","line":1389,"loc":{"start":{"line":1389,"column":46},"end":{"line":1389,"column":68}}},"134":{"name":"dispatch","line":1403,"loc":{"start":{"line":1403,"column":0},"end":{"line":1403,"column":36}}},"135":{"name":"(anonymous_135)","line":1407,"loc":{"start":{"line":1407,"column":29},"end":{"line":1407,"column":49}}},"136":{"name":"(anonymous_136)","line":1410,"loc":{"start":{"line":1410,"column":15},"end":{"line":1410,"column":27}}},"137":{"name":"(anonymous_137)","line":1422,"loc":{"start":{"line":1422,"column":8},"end":{"line":1422,"column":31}}},"138":{"name":"(anonymous_138)","line":1426,"loc":{"start":{"line":1426,"column":24},"end":{"line":1426,"column":39}}},"139":{"name":"(anonymous_139)","line":1437,"loc":{"start":{"line":1437,"column":8},"end":{"line":1437,"column":38}}},"140":{"name":"(anonymous_140)","line":1441,"loc":{"start":{"line":1441,"column":24},"end":{"line":1441,"column":46}}},"141":{"name":"(anonymous_141)","line":1452,"loc":{"start":{"line":1452,"column":14},"end":{"line":1452,"column":37}}},"142":{"name":"(anonymous_142)","line":1457,"loc":{"start":{"line":1457,"column":30},"end":{"line":1457,"column":45}}},"143":{"name":"(anonymous_143)","line":1475,"loc":{"start":{"line":1475,"column":9},"end":{"line":1475,"column":39}}},"144":{"name":"(anonymous_144)","line":1480,"loc":{"start":{"line":1480,"column":25},"end":{"line":1480,"column":47}}},"145":{"name":"(anonymous_145)","line":1493,"loc":{"start":{"line":1493,"column":11},"end":{"line":1493,"column":47}}},"146":{"name":"(anonymous_146)","line":1499,"loc":{"start":{"line":1499,"column":27},"end":{"line":1499,"column":55}}},"147":{"name":"(anonymous_147)","line":1508,"loc":{"start":{"line":1508,"column":11},"end":{"line":1508,"column":35}}},"148":{"name":"(anonymous_148)","line":1512,"loc":{"start":{"line":1512,"column":27},"end":{"line":1512,"column":43}}},"149":{"name":"(anonymous_149)","line":1522,"loc":{"start":{"line":1522,"column":10},"end":{"line":1522,"column":41}}},"150":{"name":"(anonymous_150)","line":1526,"loc":{"start":{"line":1526,"column":26},"end":{"line":1526,"column":49}}},"151":{"name":"(anonymous_151)","line":1536,"loc":{"start":{"line":1536,"column":10},"end":{"line":1536,"column":40}}},"152":{"name":"fbound","line":1539,"loc":{"start":{"line":1539,"column":11},"end":{"line":1539,"column":29}}},"153":{"name":"(anonymous_153)","line":1546,"loc":{"start":{"line":1546,"column":26},"end":{"line":1546,"column":49}}},"154":{"name":"fbound","line":1549,"loc":{"start":{"line":1549,"column":11},"end":{"line":1549,"column":29}}},"155":{"name":"(anonymous_155)","line":1563,"loc":{"start":{"line":1563,"column":9},"end":{"line":1563,"column":27}}},"156":{"name":"(anonymous_156)","line":1567,"loc":{"start":{"line":1567,"column":25},"end":{"line":1567,"column":37}}},"157":{"name":"all","line":1581,"loc":{"start":{"line":1581,"column":0},"end":{"line":1581,"column":23}}},"158":{"name":"(anonymous_158)","line":1582,"loc":{"start":{"line":1582,"column":26},"end":{"line":1582,"column":46}}},"159":{"name":"(anonymous_159)","line":1585,"loc":{"start":{"line":1585,"column":31},"end":{"line":1585,"column":68}}},"160":{"name":"(anonymous_160)","line":1596,"loc":{"start":{"line":1596,"column":20},"end":{"line":1596,"column":37}}},"161":{"name":"(anonymous_161)","line":1603,"loc":{"start":{"line":1603,"column":20},"end":{"line":1603,"column":40}}},"162":{"name":"(anonymous_162)","line":1616,"loc":{"start":{"line":1616,"column":24},"end":{"line":1616,"column":36}}},"163":{"name":"any","line":1629,"loc":{"start":{"line":1629,"column":0},"end":{"line":1629,"column":23}}},"164":{"name":"(anonymous_164)","line":1636,"loc":{"start":{"line":1636,"column":27},"end":{"line":1636,"column":59}}},"165":{"name":"onFulfilled","line":1642,"loc":{"start":{"line":1642,"column":8},"end":{"line":1642,"column":37}}},"166":{"name":"onRejected","line":1645,"loc":{"start":{"line":1645,"column":8},"end":{"line":1645,"column":33}}},"167":{"name":"onProgress","line":1653,"loc":{"start":{"line":1653,"column":8},"end":{"line":1653,"column":38}}},"168":{"name":"(anonymous_168)","line":1664,"loc":{"start":{"line":1664,"column":24},"end":{"line":1664,"column":36}}},"169":{"name":"allResolved","line":1678,"loc":{"start":{"line":1678,"column":0},"end":{"line":1678,"column":31}}},"170":{"name":"(anonymous_170)","line":1679,"loc":{"start":{"line":1679,"column":26},"end":{"line":1679,"column":46}}},"171":{"name":"(anonymous_171)","line":1681,"loc":{"start":{"line":1681,"column":44},"end":{"line":1681,"column":63}}},"172":{"name":"(anonymous_172)","line":1683,"loc":{"start":{"line":1683,"column":13},"end":{"line":1683,"column":25}}},"173":{"name":"(anonymous_173)","line":1689,"loc":{"start":{"line":1689,"column":32},"end":{"line":1689,"column":44}}},"174":{"name":"allSettled","line":1697,"loc":{"start":{"line":1697,"column":0},"end":{"line":1697,"column":30}}},"175":{"name":"(anonymous_175)","line":1708,"loc":{"start":{"line":1708,"column":31},"end":{"line":1708,"column":43}}},"176":{"name":"(anonymous_176)","line":1709,"loc":{"start":{"line":1709,"column":21},"end":{"line":1709,"column":41}}},"177":{"name":"(anonymous_177)","line":1710,"loc":{"start":{"line":1710,"column":39},"end":{"line":1710,"column":58}}},"178":{"name":"regardless","line":1712,"loc":{"start":{"line":1712,"column":12},"end":{"line":1712,"column":34}}},"179":{"name":"(anonymous_179)","line":1730,"loc":{"start":{"line":1730,"column":13},"end":{"line":1730,"column":41}}},"180":{"name":"(anonymous_180)","line":1735,"loc":{"start":{"line":1735,"column":29},"end":{"line":1735,"column":49}}},"181":{"name":"progress","line":1748,"loc":{"start":{"line":1748,"column":0},"end":{"line":1748,"column":38}}},"182":{"name":"(anonymous_182)","line":1752,"loc":{"start":{"line":1752,"column":29},"end":{"line":1752,"column":51}}},"183":{"name":"(anonymous_183)","line":1768,"loc":{"start":{"line":1768,"column":15},"end":{"line":1768,"column":43}}},"184":{"name":"(anonymous_184)","line":1773,"loc":{"start":{"line":1773,"column":31},"end":{"line":1773,"column":51}}},"185":{"name":"(anonymous_185)","line":1778,"loc":{"start":{"line":1778,"column":21},"end":{"line":1778,"column":38}}},"186":{"name":"(anonymous_186)","line":1779,"loc":{"start":{"line":1779,"column":37},"end":{"line":1779,"column":49}}},"187":{"name":"(anonymous_187)","line":1782,"loc":{"start":{"line":1782,"column":7},"end":{"line":1782,"column":25}}},"188":{"name":"(anonymous_188)","line":1784,"loc":{"start":{"line":1784,"column":37},"end":{"line":1784,"column":49}}},"189":{"name":"(anonymous_189)","line":1796,"loc":{"start":{"line":1796,"column":9},"end":{"line":1796,"column":58}}},"190":{"name":"(anonymous_190)","line":1800,"loc":{"start":{"line":1800,"column":25},"end":{"line":1800,"column":66}}},"191":{"name":"(anonymous_191)","line":1801,"loc":{"start":{"line":1801,"column":27},"end":{"line":1801,"column":44}}},"192":{"name":"(anonymous_192)","line":1804,"loc":{"start":{"line":1804,"column":19},"end":{"line":1804,"column":31}}},"193":{"name":"(anonymous_193)","line":1835,"loc":{"start":{"line":1835,"column":12},"end":{"line":1835,"column":41}}},"194":{"name":"(anonymous_194)","line":1839,"loc":{"start":{"line":1839,"column":28},"end":{"line":1839,"column":49}}},"195":{"name":"(anonymous_195)","line":1841,"loc":{"start":{"line":1841,"column":31},"end":{"line":1841,"column":43}}},"196":{"name":"(anonymous_196)","line":1849,"loc":{"start":{"line":1849,"column":14},"end":{"line":1849,"column":31}}},"197":{"name":"(anonymous_197)","line":1852,"loc":{"start":{"line":1852,"column":7},"en
[...]
map(promises, function (promise) {","            return when(promise, noop, noop);","        })), function () {","            return promises;","        });","    });","}","","Promise.prototype.allResolved = function () {","    return allResolved(this);","};","","/**"," * @see Promise#allSettled"," */","Q.allSettled = allSettled;","function allSettled(promises) {","    return Q(promises).allSettled();","}","","/**"," * Turns an array of promises into a promise for an array of their states (as"," * returned by `inspect`) when they have all settled."," * @param {Array[Any*]} values an array (or promise for an array) of values (or"," * promises for values)"," * @returns {Array[State]} an array of states for the respective values."," */","Promise.prototype.allSettled = function () {","    return this.then(function (promises) {","        return all(array_map(promises, function (promise) {","            promise = Q(promise);","            function regardless() {","                return promise.inspect();","            }","            return promise.then(regardless, regardless);","        }));","    });","};","","/**"," * Captures the failure of a promise, giving an oportunity to recover"," * with a callback.  If the given promise is fulfilled, the returned"," * promise is fulfilled."," * @param {Any*} promise for something"," * @param {Function} callback to fulfill the returned promise if the"," * given promise is rejected"," * @returns a promise for the return value of the callback"," */","Q.fail = // XXX legacy","Q[\"catch\"] = function (object, rejected) {","    return Q(object).then(void 0, rejected);","};","","Promise.prototype.fail = // XXX legacy","Promise.prototype[\"catch\"] = function (rejected) {","    return this.then(void 0, rejected);","};","","/**"," * Attaches a listener that can respond to progress notifications from a"," * promise's originating deferred. This listener receives the exact arguments"," * passed to ``deferred.notify``."," * @param {Any*} promise for something"," * @param {Function} callback to receive any progress notifications"," * @returns the given promise, unchanged"," */","Q.progress = progress;","function progress(object, progressed) {","    return Q(object).then(void 0, void 0, progressed);","}","","Promise.prototype.progress = function (progressed) {","    return this.then(void 0, void 0, progressed);","};","","/**"," * Provides an opportunity to observe the settling of a promise,"," * regardless of whether the promise is fulfilled or rejected.  Forwards"," * the resolution to the returned promise when the callback is done."," * The callback can return a promise to defer completion."," * @param {Any*} promise"," * @param {Function} callback to observe the resolution of the given"," * promise, takes no arguments."," * @returns a promise for the resolution of the given promise when"," * ``fin`` is done."," */","Q.fin = // XXX legacy","Q[\"finally\"] = function (object, callback) {","    return Q(object)[\"finally\"](callback);","};","","Promise.prototype.fin = // XXX legacy","Promise.prototype[\"finally\"] = function (callback) {","    if (!callback || typeof callback.apply !== \"function\") {","        throw new Error(\"Q can't apply finally callback\");","    }","    callback = Q(callback);","    return this.then(function (value) {","        return callback.fcall().then(function () {","            return value;","        });","    }, function (reason) {","        // TODO attempt to recycle the rejection with \"this\".","        return callback.fcall().then(function () {","            throw reason;","        });","    });","};","","/**"," * Terminates a chain of promises, forcing rejections to be"," * thrown as exceptions."," * @param {Any*} promise at the end of a chain of promises"," * @returns nothing"," */","Q.done = function (object, fulfilled, rejected, progress) {","    return Q(object).done(fulfilled, rejected, progress);","};","","Promise.prototype.done = function (fulfilled, rejected, progress) {","    var onUnhandledError = function (error) {","        // forward to a future turn so that ``when``","        // does not catch it and turn it into a rejection.","        Q.nextTick(function () {","            makeStackTraceLong(error, promise);","            if (Q.onerror) {","                Q.onerror(error);","            } else {","                throw error;","            }","        });","    };","","    // Avoid unnecessary `nextTick`ing via an unnecessary `when`.","    var promise = fulfilled || rejected || progress ?","        this.then(fulfilled, rejected, progress) :","        this;","","    if (typeof process === \"object\" && process && process.domain) {","        onUnhandledError = process.domain.bind(onUnhandledError);","    }","","    promise.then(void 0, onUnhandledError);","};","","/**"," * Causes a promise to be rejected if it does not get fulfilled before"," * some milliseconds time out."," * @param {Any*} promise"," * @param {Number} milliseconds timeout"," * @param {Any*} custom error message or Error object (optional)"," * @returns a promise for the resolution of the given promise if it is"," * fulfilled before the timeout, otherwise rejected."," */","Q.timeout = function (object, ms, error) {","    return Q(object).timeout(ms, error);","};","","Promise.prototype.timeout = function (ms, error) {","    var deferred = defer();","    var timeoutId = setTimeout(function () {","        if (!error || \"string\" === typeof error) {","            error = new Error(error || \"Timed out after \" + ms + \" ms\");","            error.code = \"ETIMEDOUT\";","        }","        deferred.reject(error);","    }, ms);","","    this.then(function (value) {","        clearTimeout(timeoutId);","        deferred.resolve(value);","    }, function (exception) {","        clearTimeout(timeoutId);","        deferred.reject(exception);","    }, deferred.notify);","","    return deferred.promise;","};","","/**"," * Returns a promise for the given value (or promised value), some"," * milliseconds after it resolved. Passes rejections immediately."," * @param {Any*} promise"," * @param {Number} milliseconds"," * @returns a promise for the resolution of the given promise after milliseconds"," * time has elapsed since the resolution of the given promise."," * If the given promise rejects, that is passed immediately."," */","Q.delay = function (object, timeout) {","    if (timeout === void 0) {","        timeout = object;","        object = void 0;","    }","    return Q(object).delay(timeout);","};","","Promise.prototype.delay = function (timeout) {","    return this.then(function (value) {","        var deferred = defer();","        setTimeout(function () {","            deferred.resolve(value);","        }, timeout);","        return deferred.promise;","    });","};","","/**"," * Passes a continuation to a Node function, which is called with the given"," * arguments provided as an array, and returns a promise."," *"," *      Q.nfapply(FS.readFile, [__filename])"," *      .then(function (content) {"," *      })"," *"," */","Q.nfapply = function (callback, args) {","    return Q(callback).nfapply(args);","};","","Promise.prototype.nfapply = function (args) {","    var deferred = defer();","    var nodeArgs = array_slice(args);","    nodeArgs.push(deferred.makeNodeResolver());","    this.fapply(nodeArgs).fail(deferred.reject);","    return deferred.promise;","};","","/**"," * Passes a continuation to a Node function, which is called with the given"," * arguments provided individually, and returns a promise."," * @example"," * Q.nfcall(FS.readFile, __filename)"," * .then(function (content) {"," * })"," *"," */","Q.nfcall = function (callback /*...args*/) {","    var args = array_slice(arguments, 1);","    return Q(callback).nfapply(args);","};","","Promise.prototype.nfcall = function (/*...args*/) {","    var nodeArgs = array_slice(arguments);","    var deferred = defer();","    nodeArgs.push(deferred.makeNodeResolver());","    this.fapply(nodeArgs).fail(deferred.reject);","    return deferred.promise;","};","","/**"," * Wraps a NodeJS continuation passing function and returns an equivalent"," * version that returns a promise."," * @example"," * Q.nfbind(FS.readFile, __filename)(\"utf-8\")"," * .then(console.log)"," * .done()"," */","Q.nfbind =","Q.denodeify = function (callback /*...args*/) {","    if (callback === undefined) {","        throw new Error(\"Q can't wrap an undefined function\");","    }","    var baseArgs = array_slice(arguments, 1);","    return function () {","        var nodeArgs = baseArgs.concat(array_slice(arguments));","        var deferred = defer();","        nodeArgs.push(deferred.makeNodeResolver());","        Q(callback).fapply(nodeArgs).fail(deferred.reject);","        return deferred.promise;","    };","};","","Promise.prototype.nfbind =","Promise.prototype.denodeify = function (/*...args*/) {","    var args = array_slice(arguments);","    args.unshift(this);","    return Q.denodeify.apply(void 0, args);","};","","Q.nbind = function (callback, thisp /*...args*/) {","    var baseArgs = array_slice(arguments, 2);","    return function () {","        var nodeArgs = baseArgs.concat(array_slice(arguments));","        var deferred = defer();","        nodeArgs.push(deferred.makeNodeResolver());","        function bound() {","            return callback.apply(thisp, arguments);","        }","        Q(bound).fapply(nodeArgs).fail(deferred.reject);","        return deferred.promise;","    };","};","","Promise.prototype.nbind = function (/*thisp, ...args*/) {","    var args = array_slice(arguments, 0);","    args.unshift(this);","    return Q.nbind.apply(void 0, args);","};","","/**"," * Calls a method of a Node-style object that accepts a Node-style"," * callback with a given array of arguments, plus a provided callback."," * @param object an object that has the named method"," * @param {String} name name of the method of object"," * @param {Array} args arguments to pass to the method; the callback"," * will be provided by Q and appended to these arguments."," * @returns a promise for the value or error"," */","Q.nmapply = // XXX As proposed by \"Redsandro\"","Q.npost = function (object, name, args) {","    return Q(object).npost(name, args);","};","","Promise.prototype.nmapply = // XXX As proposed by \"Redsandro\"","Promise.prototype.npost = function (name, args) {","    var nodeArgs = array_slice(args || []);","    var deferred = defer();","    nodeArgs.push(deferred.makeNodeResolver());","    this.dispatch(\"post\", [name, nodeArgs]).fail(deferred.reject);","    return deferred.promise;","};","","/**"," * Calls a method of a Node-style object that accepts a Node-style"," * callback, forwarding the given variadic arguments, plus a provided"," * callback argument."," * @param object an object that has the named method"," * @param {String} name name of the method of object"," * @param ...args arguments to pass to the method; the callback will"," * be provided by Q and appended to these arguments."," * @returns a promise for the value or error"," */","Q.nsend = // XXX Based on Mark Miller's proposed \"send\"","Q.nmcall = // XXX Based on \"Redsandro's\" proposal","Q.ninvoke = function (object, name /*...args*/) {","    var nodeArgs = array_slice(arguments, 2);","    var deferred = defer();","    nodeArgs.push(deferred.makeNodeResolver());","    Q(object).dispatch(\"post\", [name, nodeArgs]).fail(deferred.reject);","    return deferred.promise;","};","","Promise.prototype.nsend = // XXX Based on Mark Miller's proposed \"send\"","Promise.prototype.nmcall = // XXX Based on \"Redsandro's\" proposal","Promise.prototype.ninvoke = function (name /*...args*/) {","    var nodeArgs = array_slice(arguments, 1);","    var deferred = defer();","    nodeArgs.push(deferred.makeNodeResolver());","    this.dispatch(\"post\", [name, nodeArgs]).fail(deferred.reject);","    return deferred.promise;","};","","/**"," * If a function would like to support both Node continuation-passing-style and"," * promise-returning-style, it can end its internal promise chain with"," * `nodeify(nodeback)`, forwarding the optional nodeback argument.  If the user"," * elects to use a nodeback, the result will be sent there.  If they do not"," * pass a nodeback, they will receive the result promise."," * @param object a result (or a promise for a result)"," * @param {Function} nodeback a Node.js-style callback"," * @returns either the promise or nothing"," */","Q.nodeify = nodeify;","function nodeify(object, nodeback) {","    return Q(object).nodeify(nodeback);","}","","Promise.prototype.nodeify = function (nodeback) {","    if (nodeback) {","        this.then(function (value) {","            Q.nextTick(function () {","                nodeback(null, value);","            });","        }, function (error) {","            Q.nextTick(function () {","                nodeback(error);","            });","        });","    } else {","        return this;","    }","};","","Q.noConflict = function() {","    throw new Error(\"Q.noConflict only works when Q is used as a global\");","};","","// All code before this point will be filtered from stack traces.","var qEndingLine = captureLine();","","return Q;","","});",""],"l":{"29":1,"38":1,"39":0,"42":1,"43":1,"46":0,"47":0,"50":0,"51":0,"52":0,"54":0,"58":0,"61":0,"65":0,"66":0,"70":0,"71":0,"72":0,"76":0,"82":1,"83":1,"84":1,"86":1,"91":1,"92":1,"97":1,"101":1,"103":1,"104":1,"105":1,"106":1,"107":1,"109":1,"111":1,"113":0,"115":0,"116":0,"117":0,"118":0,"119":0,"121":0,"122":0,"123":0,"125":0,"128":0,"129":0,"130":0,"132":0,"135":1,"136":0,"137":0,"140":0,"147":0,"148":0,"150":0,"151":0,"152":0,"155":0,"160":0,"161":0,"166":0,"167":0,"171":1,"172":0,"178":0,"179":0,"180":0,"184":1,"194":1,"196":1,"197":0,"200":0,"202":0,"203":0,"205":0,"206":0,"210":0,"213":0,"216":0,"217":0,"218":0,"219":0,"221":0,"224":0,"226":0,"227":0,"228":0,"233":0,"234":0,"240":1,"241":0,"242":0,"243":0,"244":0,"247":1,"260":1,"261":1,"262":6,"263":0,"270":1,"272":1,"274":0,"277":0,"280":0,"281":0,"282":0,"283":0,"285":0,"286":0,"291":0,"293":0,"294":0,"297":0,"301":1,"304":0,"305":0,"306":0,"309":0,"313":1,"315":0,"316":0,"317":0,"318":0,"320":0,"324":1,"325":1,"326":0,"327":0,"330":1,"331":0,"332":0,"335":1,"337":1,"338":0,"339":0,"340":0,"341":0,"344":0,"347":1,"349":1,"350":0,"356":1,"357":0,"365":1,"366":1,"367":0,"369":1,"370":0,"376":1,"378":1,"381":0,"387":0,"388":0,"389":0,"390":0,"391":0,"394":0,"396":0,"397":0,"398":0,"402":1,"403":0,"404":0,"405":0,"406":0,"408":0,"409":0,"412":0,"415":1,"416":0,"420":1,"423":2,"424":2,"425":0,"429":2,"430":2,"431":2,"435":0,"436":0,"437":0,"441":1,"442":0,"444":0,"445":0,"448":0,"449":0,"451":0,"458":1,"459":2,"460":0,"463":2,"464":2,"466":2,"467":2,"468":2,"469":2,"470":0,"473":2,"474":2,"478":1,"479":1,"480":0,"482":0,"485":0,"497":1,"501":0,"502":0,"506":0,"507":0,"509":0,"512":1,"518":1,"523":1,"531":1,"534":1,"535":0,"548":1,"549":1,"556":0,"558":0,"559":0,"561":0,"562":0,"563":0,"564":0,"565":0,"566":0,"569":0,"570":0,"576":0,"577":0,"578":0,"580":0,"581":0,"582":0,"584":0,"587":0,"588":0,"589":0,"591":0,"594":0,"595":0,"596":0,"604":0,"605":0,"613":1,"614":0,"616":0,"619":0,"622":0,"623":0,"624":0,"628":0,"629":0,"632":0,"633":0,"634":0,"635":0,"638":0,"641":0,"642":0,"643":0,"646":0,"648":0,"649":0,"650":0,"653":0,"655":0,"656":0,"657":0,"660":0,"661":0,"662":0,"667":0,"675":1,"676":0,"677":0,"678":0,"679":0,"680":0,"681":0,"683":0,"694":1,"695":1,"696":1,"697":0,"698":0,"700":0,"701":0,"702":0,"704":0,"706":0,"709":1,"710":1,"711":1,"712":1,"717":1,"720":0,"723":1,"726":0,"738":1,"739":0,"742":1,"743":0,"744":0,"746":0,"748":0,"758":1,"759":1,"760":0,"766":0,"767":0,"772":1,"773":0,"787":1,"788":1,"789":0,"790":0,"791":0,"796":0,"797":0,"798":0,"802":0,"804":0,"805":0,"806":0,"807":0,"808":0,"810":0,"813":0,"815":0,"816":0,"820":0,"823":0,"824":0,"825":0,"826":0,"829":0,"830":0,"831":0,"833":0,"835":0,"839":0,"842":1,"843":0,"846":1,"847":0,"848":0,"849":0,"852":1,"853":0,"854":0,"856":0,"860":1,"861":0,"862":0,"863":0,"864":0,"866":0,"869":0,"872":1,"873":0,"876":0,"877":0,"878":0,"879":0,"881":0,"883":0,"885":0,"886":0,"888":0,"890":0,"895":0,"896":0,"897":0,"898":0,"899":0,"901":0,"902":0,"903":0,"905":0,"909":0,"910":0,"914":0,"917":1,"918":0,"933":1,"934":0,"936":0,"937":0,"957":1,"958":1,"959":0,"962":1,"963":0,"966":1,"967":0,"970":1,"971":0,"974":1,"975":0,"989":1,"990":1,"991":0,"992":0,"993":0,"994":0,"997":0,"1004":1,"1005":1,"1006":0,"1009":1,"1010":1,"1011":0,"1018":1,"1019":1,"1020":0,"1023":1,"1024":0,"1031":1,"1032":1,"1033":0,"1036":1,"1037":0,"1043":1,"1044":1,"1045":0,"1048":1,"1049":0,"1058":1,"1059":1,"1060":1,"1061":1,"1063":1,"1064":1,"1065":1,"1067":1,"1068":0,"1072":1,"1073":0,"1074":0,"1076":0,"1077":0,"1078":0,"1079":0,"1080":0,"1085":0,"1086":0,"1087":0,"1089":0,"1093":1,"1094":0,"1095":0,"1098":0,"1099":0,"1100":0,"1101":0,"1102":0,"1103":0,"1104":0,"1105":0,"1109":0,"1110":0,"1114":1,"1116":1,"1118":0,"1121":1,"1122":0,"1123":0,"1126":1,"1134":1,"1135":1,"1136":0,"1139":0,"1140":0,"1142":0,"1145":0,"1147":0,"1151":0,"1153":0,"1160":1,"1161":1,"1162":0,"1164":0,"1167":0,"1170":0,"1173":0,"1178":0,"1179":0,"1181":0,"1185":0,"1188":0,"1191":0,"1200":1,"1201":0,"1202":0,"1203":0,"1204":0,"1206":0,"1209":0,"1221":1,"1222":1,"1223":0,"1226":0,"1228":0,"1242":1,"1243":1,"1244":0,"1247":1,"1248":0,"1249":0,"1279":1,"1280":1,"1281":0,"1284":1,"1285":0,"1295":0,"1297":0,"1298":0,"1300":0,"1302":0,"1303":0,"1305":0,"1310":0,"1311":0,"1313":0,"1314":0,"1316":0,"1319":0,"1322":0,"1323":0,"1324":0,"1325":0,"1336":1,"1337":1,"1338":0,"1366":1,"1367":1,"1368":0,"1386":1,"1387":1,"1388":0,"1389":0,"1390":0,"1402":1,"1403":1,"1404":0,"1407":1,"1408":0,"1409":0,"1410":0,"1411":0,"1413":0,"1422":1,"1423":0,"1426":1,"1427":0,"1437":1,"1438":0,"1441":1,"1442":0,"1451":1,"1453":0,"1456":1,"1458":0,"1474":1,"1476":0,"1479":1,"1481":0,"1491":1,"1494":0,"1497":1,"1500":0,"1508":1,"1509":0,"1512":1,"1513":0,"1521":1,"1523":0,"1526":1,"1527":0,"1536":1,"1537":0,"1538":0,"1539":0,"1540":0,"1546":1,"1547":0,"1548":0,"1549":0,"1550":0,"1563":1,"1564":0,"1567":1,"1568":0,"1580":1,"1581":1,"1582":0,"1583":0,"1584":0,"1585":0,"1586":0,"1587":0,"1591":0,"1593":0,"1594":0,"1597":0,"1598":0,"1599":0,"1604":0,"1609":0,"1610":0,"1612":0,"1616":1,"1617":0,"1627":1,"1629":1,"1630":0,"1631":0,"1634":0,"1635":0,"1636":0,"1637":0,"1639":0,"1641":0,"1642":1,"1643":0,"1645":1,"1646":0,"1647":0,"1648":0,"1650":0,"1653":1,"1654":0,"1661":0,"1664":1,"1665":0,"1677":1,"1678":1,"1679":0,"1680":0,"1681":0,"1682":0,"1684":0,"1689":1,"1690":0,"1696":1,"1697":1,"1698":0,"1708":1,"1709":0,"1710":0,"1711":0,"1712":1,"1713":0,"1715":0,"1729":1,"1731":0,"1734":1,"1736":0,"1747":1,"1748":1,"1749":0,"1752":1,"1753":0,"1767":1,"1769":0,"1772":1,"1774":0,"1775":0,"1777":0,"1778":0,"1779":0,"1780":0,"1784":0,"1785":0,"1796":1,"1797":0,"1800":1,"1801":0,"1804":0,"1805":0,"1806":0,"1807":0,"1809":0,"1815":0,"1819":0,"1820":0,"1823":0,"1835":1,"1836":0,"1839":1,"1840":0,"1841":0,"1842":0,"1843":0,"1844":0,"1846":0,"1849":0,"1850":0,"1851":0,"1853":0,"1854":0,"1857":0,"1869":1,"1870":0,"1871":0,"1872":0,"1874":0,"1877":1,"1878":0,"1879":0,"1880":0,"1881":0,"1883":0,"1896":1,"1897":0,"1900":1,"1901":0,"1902":0,"1903":0,"1904":0,"1905":0,"1917":1,"1918":0,"1919":0,"1922":1,"1923":0,"1924":0,"1925":0,"1926":0,"1927":0,"1938":1,"1940":0,"1941":0,"1943":0,"1944":0,"1945":0,"1946":0,"1947":0,"1948":0,"1949":0,"1953":1,"1955":0,"1956":0,"1957":0,"1960":1,"1961":0,"1962":0,"1963":0,"1964":0,"1965":0,"1966":1,"1967":0,"1969":0,"1970":0,"1974":1,"1975":0,"1976":0,"1977":0,"1989":1,"1991":0,"1994":1,"1996":0,"1997":0,"1998":0,"1999":0,"2000":0,"2013":1,"2016":0,"2017":0,"2018":0,"2019":0,"2020":0,"2023":1,"2026":0,"2027":0,"2028":0,"2029":0,"2030":0,"2043":1,"2044":1,"2045":0,"2048":1,"2049":0,"2050":0,"2051":0,"2052":0,"2055":0,"2056":0,"2060":0,"2064":1,"2065":0,"2069":1,"2071":1}}}